This file contains any messages produced by compilers while
running configure, to aid debugging if configure makes a mistake.

It was created by lplex configure 0.3, which was
generated by GNU Autoconf 2.69.  Invocation command line was

  $ /cygdrive/c/Users/fabrn/dvda-author/lplex-0.3/configure --prefix=/cygdrive/c/Users/fabrn/dvda-author/local --enable-static --disable-shared ROOTDIR=/cygdrive/c/Users/fabrn/dvda-author/lplex-0.3 --with-libFLAC-libraries=/cygdrive/c/Users/fabrn/dvda-author/local/lib --with-libFLAC-includes=/cygdrive/c/Users/fabrn/dvda-author/local/include CPPFLAGS=-I/cygdrive/c/Users/fabrn/dvda-author/lplex-0.3/redist

## --------- ##
## Platform. ##
## --------- ##

hostname = DESKTOP-SU3DHIN
uname -m = x86_64
uname -r = 3.1.7(0.340/5/3)
uname -s = CYGWIN_NT-10.0
uname -v = 2020-08-22 17:48

/usr/bin/uname -p = unknown
/bin/uname -X     = unknown

/bin/arch              = x86_64
/usr/bin/arch -k       = unknown
/usr/convex/getsysinfo = unknown
/usr/bin/hostinfo      = unknown
/bin/machine           = unknown
/usr/bin/oslevel       = unknown
/bin/universe          = unknown

PATH: /usr/local/bin
PATH: /usr/bin
PATH: /cygdrive/c/Windows/system32
PATH: /cygdrive/c/Windows
PATH: /cygdrive/c/Windows/System32/Wbem
PATH: /cygdrive/c/Windows/System32/WindowsPowerShell/v1.0
PATH: /cygdrive/c/Windows/System32/OpenSSH
PATH: /cygdrive/c/Program Files (x86)/Common Files/Acronis/VirtualFile
PATH: /cygdrive/c/Program Files (x86)/Common Files/Acronis/VirtualFile64
PATH: /cygdrive/c/Program Files (x86)/Common Files/Acronis/FileProtector
PATH: /cygdrive/c/Program Files (x86)/Common Files/Acronis/FileProtector64
PATH: /cygdrive/c/Program Files (x86)/Common Files/Acronis/SnapAPI
PATH: /cygdrive/c/Program Files (x86)/GnuPG/bin
PATH: /cygdrive/c/Program Files/Oracle/VirtualBox
PATH: /cygdrive/c/Program Files (x86)/Calibre2
PATH: /cygdrive/c/Users/fabrn/AppData/Local/Microsoft/WindowsApps
PATH: /cygdrive/c/Program Files/R/R-4.0.2/bin
PATH: /cygdrive/c/Program Files/R/R-4.0.2/bin/x64
PATH: /cygdrive/c/Program Files/Oracle/VirtualBox
PATH: /usr/lib/lapack


## ----------- ##
## Core tests. ##
## ----------- ##

configure:2754: checking for a BSD-compatible install
configure:2822: result: /bin/sh /cygdrive/c/Users/fabrn/dvda-author/config/install-sh
configure:2833: checking whether build environment is sane
configure:2888: result: yes
configure:3039: checking for a thread-safe mkdir -p
configure:3078: result: /usr/bin/mkdir -p
configure:3085: checking for gawk
configure:3101: found /usr/bin/gawk
configure:3112: result: gawk
configure:3123: checking whether make sets $(MAKE)
configure:3145: result: yes
configure:3174: checking whether make supports nested variables
configure:3191: result: yes
configure:3318: checking whether to enable maintainer-specific portions of Makefiles
configure:3327: result: no
configure:3404: checking for g++
configure:3420: found /usr/bin/g++
configure:3431: result: g++
configure:3458: checking for C++ compiler version
configure:3467: g++ --version >&5
g++ (GCC) 10.2.0
Copyright (C) 2020 Free Software Foundation, Inc.
This is free software; see the source for copying conditions.  There is NO
warranty; not even for MERCHANTABILITY or FITNESS FOR A PARTICULAR PURPOSE.

configure:3478: $? = 0
configure:3467: g++ -v >&5
Using built-in specs.
COLLECT_GCC=g++
COLLECT_LTO_WRAPPER=/usr/lib/gcc/x86_64-pc-cygwin/10/lto-wrapper.exe
Target: x86_64-pc-cygwin
Configured with: /mnt/share/cygpkgs/gcc/gcc.x86_64/src/gcc-10.2.0/configure --srcdir=/mnt/share/cygpkgs/gcc/gcc.x86_64/src/gcc-10.2.0 --prefix=/usr --exec-prefix=/usr --localstatedir=/var --sysconfdir=/etc --docdir=/usr/share/doc/gcc --htmldir=/usr/share/doc/gcc/html -C --build=x86_64-pc-cygwin --host=x86_64-pc-cygwin --target=x86_64-pc-cygwin --without-libiconv-prefix --without-libintl-prefix --libexecdir=/usr/lib --with-gcc-major-version-only --enable-shared --enable-shared-libgcc --enable-static --enable-version-specific-runtime-libs --enable-bootstrap --enable-__cxa_atexit --with-dwarf2 --with-tune=generic --enable-languages=c,c++,fortran,lto,objc,obj-c++ --enable-graphite --enable-threads=posix --enable-libatomic --enable-libgomp --enable-libquadmath --enable-libquadmath-support --disable-libssp --enable-libada --disable-symvers --with-gnu-ld --with-gnu-as --with-cloog-include=/usr/include/cloog-isl --without-libiconv-prefix --without-libintl-prefix --with-system-zlib --enable-linker-build-id --with-default-libstdcxx-abi=gcc4-compatible --enable-libstdcxx-filesystem-ts
Thread model: posix
Supported LTO compression algorithms: zlib zstd
gcc version 10.2.0 (GCC) 
configure:3478: $? = 0
configure:3467: g++ -V >&5
g++: error: unrecognized command-line option '-V'
g++: fatal error: no input files
compilation terminated.
configure:3478: $? = 1
configure:3467: g++ -qversion >&5
g++: error: unrecognized command-line option '-qversion'; did you mean '--version'?
g++: fatal error: no input files
compilation terminated.
configure:3478: $? = 1
configure:3498: checking whether the C++ compiler works
configure:3520: g++  -I/cygdrive/c/Users/fabrn/dvda-author/lplex-0.3/redist  conftest.cpp  >&5
configure:3524: $? = 0
configure:3572: result: yes
configure:3575: checking for C++ compiler default output file name
configure:3577: result: a.exe
configure:3583: checking for suffix of executables
configure:3590: g++ -o conftest.exe  -I/cygdrive/c/Users/fabrn/dvda-author/lplex-0.3/redist  conftest.cpp  >&5
configure:3594: $? = 0
configure:3616: result: .exe
configure:3638: checking whether we are cross compiling
configure:3646: g++ -o conftest.exe  -I/cygdrive/c/Users/fabrn/dvda-author/lplex-0.3/redist  conftest.cpp  >&5
configure:3650: $? = 0
configure:3657: ./conftest.exe
configure:3661: $? = 0
configure:3676: result: no
configure:3681: checking for suffix of object files
configure:3703: g++ -c  -I/cygdrive/c/Users/fabrn/dvda-author/lplex-0.3/redist conftest.cpp >&5
configure:3707: $? = 0
configure:3728: result: o
configure:3732: checking whether we are using the GNU C++ compiler
configure:3751: g++ -c  -I/cygdrive/c/Users/fabrn/dvda-author/lplex-0.3/redist conftest.cpp >&5
configure:3751: $? = 0
configure:3760: result: yes
configure:3769: checking whether g++ accepts -g
configure:3789: g++ -c -g -I/cygdrive/c/Users/fabrn/dvda-author/lplex-0.3/redist conftest.cpp >&5
configure:3789: $? = 0
configure:3830: result: yes
configure:3856: checking whether make supports the include directive
configure:3871: make -f confmf.GNU && cat confinc.out
make[1]: Entering directory '/cygdrive/c/Users/fabrn/dvda-author/lplex-0.3'
make[1]: Leaving directory '/cygdrive/c/Users/fabrn/dvda-author/lplex-0.3'
this is the am__doit target
configure:3874: $? = 0
configure:3893: result: yes (GNU style)
configure:3918: checking dependency style of g++
configure:4029: result: gcc3
configure:4092: checking for gcc
configure:4108: found /usr/bin/gcc
configure:4119: result: gcc
configure:4348: checking for C compiler version
configure:4357: gcc --version >&5
gcc (GCC) 10.2.0
Copyright (C) 2020 Free Software Foundation, Inc.
This is free software; see the source for copying conditions.  There is NO
warranty; not even for MERCHANTABILITY or FITNESS FOR A PARTICULAR PURPOSE.

configure:4368: $? = 0
configure:4357: gcc -v >&5
Using built-in specs.
COLLECT_GCC=gcc
COLLECT_LTO_WRAPPER=/usr/lib/gcc/x86_64-pc-cygwin/10/lto-wrapper.exe
Target: x86_64-pc-cygwin
Configured with: /mnt/share/cygpkgs/gcc/gcc.x86_64/src/gcc-10.2.0/configure --srcdir=/mnt/share/cygpkgs/gcc/gcc.x86_64/src/gcc-10.2.0 --prefix=/usr --exec-prefix=/usr --localstatedir=/var --sysconfdir=/etc --docdir=/usr/share/doc/gcc --htmldir=/usr/share/doc/gcc/html -C --build=x86_64-pc-cygwin --host=x86_64-pc-cygwin --target=x86_64-pc-cygwin --without-libiconv-prefix --without-libintl-prefix --libexecdir=/usr/lib --with-gcc-major-version-only --enable-shared --enable-shared-libgcc --enable-static --enable-version-specific-runtime-libs --enable-bootstrap --enable-__cxa_atexit --with-dwarf2 --with-tune=generic --enable-languages=c,c++,fortran,lto,objc,obj-c++ --enable-graphite --enable-threads=posix --enable-libatomic --enable-libgomp --enable-libquadmath --enable-libquadmath-support --disable-libssp --enable-libada --disable-symvers --with-gnu-ld --with-gnu-as --with-cloog-include=/usr/include/cloog-isl --without-libiconv-prefix --without-libintl-prefix --with-system-zlib --enable-linker-build-id --with-default-libstdcxx-abi=gcc4-compatible --enable-libstdcxx-filesystem-ts
Thread model: posix
Supported LTO compression algorithms: zlib zstd
gcc version 10.2.0 (GCC) 
configure:4368: $? = 0
configure:4357: gcc -V >&5
gcc: error: unrecognized command-line option '-V'
gcc: fatal error: no input files
compilation terminated.
configure:4368: $? = 1
configure:4357: gcc -qversion >&5
gcc: error: unrecognized command-line option '-qversion'; did you mean '--version'?
gcc: fatal error: no input files
compilation terminated.
configure:4368: $? = 1
configure:4372: checking whether we are using the GNU C compiler
configure:4391: gcc -c -g -O2 -g -O2 -std=c99 -I/cygdrive/c/Users/fabrn/dvda-author/lplex-0.3/redist conftest.c >&5
configure:4391: $? = 0
configure:4400: result: yes
configure:4409: checking whether gcc accepts -g
configure:4429: gcc -c -g -I/cygdrive/c/Users/fabrn/dvda-author/lplex-0.3/redist conftest.c >&5
configure:4429: $? = 0
configure:4470: result: yes
configure:4487: checking for gcc option to accept ISO C89
configure:4550: gcc  -c -g -O2 -g -O2 -std=c99 -I/cygdrive/c/Users/fabrn/dvda-author/lplex-0.3/redist conftest.c >&5
configure:4550: $? = 0
configure:4563: result: none needed
configure:4588: checking whether gcc understands -c and -o together
configure:4610: gcc -c conftest.c -o conftest2.o
configure:4613: $? = 0
configure:4610: gcc -c conftest.c -o conftest2.o
configure:4613: $? = 0
configure:4625: result: yes
configure:4644: checking dependency style of gcc
configure:4755: result: gcc3
configure:4775: checking how to run the C preprocessor
configure:4806: gcc -E -I/cygdrive/c/Users/fabrn/dvda-author/lplex-0.3/redist conftest.c
configure:4806: $? = 0
configure:4820: gcc -E -I/cygdrive/c/Users/fabrn/dvda-author/lplex-0.3/redist conftest.c
conftest.c:11:10: fatal error: ac_nonexistent.h: No such file or directory
   11 | #include <ac_nonexistent.h>
      |          ^~~~~~~~~~~~~~~~~~
compilation terminated.
configure:4820: $? = 1
configure: failed program was:
| /* confdefs.h */
| #define PACKAGE_NAME "lplex"
| #define PACKAGE_TARNAME "lplex"
| #define PACKAGE_VERSION "0.3"
| #define PACKAGE_STRING "lplex 0.3"
| #define PACKAGE_BUGREPORT "audioplex-lpcm@lists.sourceforge.net"
| #define PACKAGE_URL ""
| #define PACKAGE "lplex"
| #define VERSION "0.3"
| /* end confdefs.h.  */
| #include <ac_nonexistent.h>
configure:4845: result: gcc -E
configure:4865: gcc -E -I/cygdrive/c/Users/fabrn/dvda-author/lplex-0.3/redist conftest.c
configure:4865: $? = 0
configure:4879: gcc -E -I/cygdrive/c/Users/fabrn/dvda-author/lplex-0.3/redist conftest.c
conftest.c:11:10: fatal error: ac_nonexistent.h: No such file or directory
   11 | #include <ac_nonexistent.h>
      |          ^~~~~~~~~~~~~~~~~~
compilation terminated.
configure:4879: $? = 1
configure: failed program was:
| /* confdefs.h */
| #define PACKAGE_NAME "lplex"
| #define PACKAGE_TARNAME "lplex"
| #define PACKAGE_VERSION "0.3"
| #define PACKAGE_STRING "lplex 0.3"
| #define PACKAGE_BUGREPORT "audioplex-lpcm@lists.sourceforge.net"
| #define PACKAGE_URL ""
| #define PACKAGE "lplex"
| #define VERSION "0.3"
| /* end confdefs.h.  */
| #include <ac_nonexistent.h>
configure:4908: checking whether ln -s works
configure:4912: result: yes
configure:4919: checking whether make sets $(MAKE)
configure:4941: result: yes
configure:4979: checking build system type
configure:4993: result: x86_64-pc-cygwin
configure:5013: checking host system type
configure:5026: result: x86_64-pc-cygwin
configure:5067: checking how to print strings
configure:5094: result: printf
configure:5115: checking for a sed that does not truncate output
configure:5179: result: /usr/bin/sed
configure:5197: checking for grep that handles long lines and -e
configure:5255: result: /usr/bin/grep
configure:5260: checking for egrep
configure:5322: result: /usr/bin/grep -E
configure:5327: checking for fgrep
configure:5389: result: /usr/bin/grep -F
configure:5424: checking for ld used by gcc
