This file contains any messages produced by compilers while
running configure, to aid debugging if configure makes a mistake.

It was created by flac configure 1.3.2, which was
generated by GNU Autoconf 2.69.  Invocation command line was

  $ /home/fab/Dev/dvda-author2/flac-1.3.2/configure --enable-static --disable-shared --disable-fast-install --with-ogg-libraries=/home/fab/Dev/dvda-author2/local/lib --with-ogg-includes=/home/fab/Dev/dvda-author2/local/include/ogg --disable-thorough-tests --disable-oggtest --disable-doxygen-docs --disable-xmms-plugin --disable-doxygen-docs --prefix=/home/fab/Dev/dvda-author2/local CFLAGS=-fPIC CXXFLAGS=-fPIC CPPFLAGS=-I/home/fab/Dev/dvda-author2/local/include --prefix=/home/fab/Dev/dvda-author2/local CPPFLAGS=-I/home/fab/Dev/dvda-author2/local/include CFLAGS=

## --------- ##
## Platform. ##
## --------- ##

hostname = fabpc
uname -m = x86_64
uname -r = 5.4.0-42-generic
uname -s = Linux
uname -v = #46-Ubuntu SMP Fri Jul 10 00:24:02 UTC 2020

/usr/bin/uname -p = x86_64
/bin/uname -X     = unknown

/bin/arch              = x86_64
/usr/bin/arch -k       = unknown
/usr/convex/getsysinfo = unknown
/usr/bin/hostinfo      = unknown
/bin/machine           = unknown
/usr/bin/oslevel       = unknown
/bin/universe          = unknown

PATH: /home/fab/bin
PATH: /usr/local/sbin
PATH: /usr/local/bin
PATH: /usr/sbin
PATH: /usr/bin
PATH: /sbin
PATH: /bin
PATH: /usr/games
PATH: /usr/local/games
PATH: /snap/bin


## ----------- ##
## Core tests. ##
## ----------- ##

configure:2781: checking for a BSD-compatible install
configure:2849: result: /bin/sh /home/fab/Dev/dvda-author2/config/install-sh 
configure:2860: checking whether build environment is sane
configure:2915: result: yes
configure:3064: checking for a thread-safe mkdir -p
configure:3103: result: /usr/bin/mkdir -p
configure:3110: checking for gawk
configure:3140: result: no
configure:3110: checking for mawk
configure:3126: found /usr/bin/mawk
configure:3137: result: mawk
configure:3148: checking whether make sets $(MAKE)
configure:3170: result: yes
configure:3199: checking whether make supports nested variables
configure:3216: result: yes
configure:3295: checking how to create a pax tar archive
configure:3306: tar --version
tar (GNU tar) 1.30
Copyright (C) 2017 Free Software Foundation, Inc.
License GPLv3+: GNU GPL version 3 or later <https://gnu.org/licenses/gpl.html>.
This is free software: you are free to change and redistribute it.
There is NO WARRANTY, to the extent permitted by law.

Written by John Gilmore and Jay Fenlason.
configure:3309: $? = 0
configure:3349: tardir=conftest.dir && eval tar --format=posix -chf - "$tardir" >conftest.tar
configure:3352: $? = 0
configure:3356: tar -xf - <conftest.tar
configure:3359: $? = 0
configure:3361: cat conftest.dir/file
GrepMe
configure:3364: $? = 0
configure:3377: result: gnutar
configure:3438: checking whether make supports nested variables
configure:3455: result: yes
configure:3482: checking for style of include used by make
configure:3510: result: GNU
configure:3581: checking for gcc
configure:3597: found /usr/bin/gcc
configure:3608: result: gcc
configure:3837: checking for C compiler version
configure:3846: gcc --version >&5
gcc (Ubuntu 9.3.0-10ubuntu2) 9.3.0
Copyright (C) 2019 Free Software Foundation, Inc.
This is free software; see the source for copying conditions.  There is NO
warranty; not even for MERCHANTABILITY or FITNESS FOR A PARTICULAR PURPOSE.

configure:3857: $? = 0
configure:3846: gcc -v >&5
Using built-in specs.
COLLECT_GCC=gcc
COLLECT_LTO_WRAPPER=/usr/lib/gcc/x86_64-linux-gnu/9/lto-wrapper
OFFLOAD_TARGET_NAMES=nvptx-none:hsa
OFFLOAD_TARGET_DEFAULT=1
Target: x86_64-linux-gnu
Configured with: ../src/configure -v --with-pkgversion='Ubuntu 9.3.0-10ubuntu2' --with-bugurl=file:///usr/share/doc/gcc-9/README.Bugs --enable-languages=c,ada,c++,go,brig,d,fortran,objc,obj-c++,gm2 --prefix=/usr --with-gcc-major-version-only --program-suffix=-9 --program-prefix=x86_64-linux-gnu- --enable-shared --enable-linker-build-id --libexecdir=/usr/lib --without-included-gettext --enable-threads=posix --libdir=/usr/lib --enable-nls --enable-clocale=gnu --enable-libstdcxx-debug --enable-libstdcxx-time=yes --with-default-libstdcxx-abi=new --enable-gnu-unique-object --disable-vtable-verify --enable-plugin --enable-default-pie --with-system-zlib --with-target-system-zlib=auto --enable-objc-gc=auto --enable-multiarch --disable-werror --with-arch-32=i686 --with-abi=m64 --with-multilib-list=m32,m64,mx32 --enable-multilib --with-tune=generic --enable-offload-targets=nvptx-none,hsa --without-cuda-driver --enable-checking=release --build=x86_64-linux-gnu --host=x86_64-linux-gnu --target=x86_64-linux-gnu
Thread model: posix
gcc version 9.3.0 (Ubuntu 9.3.0-10ubuntu2) 
configure:3857: $? = 0
configure:3846: gcc -V >&5
gcc: error: unrecognized command line option '-V'
gcc: fatal error: no input files
compilation terminated.
configure:3857: $? = 1
configure:3846: gcc -qversion >&5
gcc: error: unrecognized command line option '-qversion'; did you mean '--version'?
gcc: fatal error: no input files
compilation terminated.
configure:3857: $? = 1
configure:3877: checking whether the C compiler works
configure:3899: gcc  -I/home/fab/Dev/dvda-author2/local/include  conftest.c  >&5
configure:3903: $? = 0
configure:3951: result: yes
configure:3954: checking for C compiler default output file name
configure:3956: result: a.out
configure:3962: checking for suffix of executables
configure:3969: gcc -o conftest  -I/home/fab/Dev/dvda-author2/local/include  conftest.c  >&5
configure:3973: $? = 0
configure:3995: result: 
configure:4017: checking whether we are cross compiling
configure:4025: gcc -o conftest  -I/home/fab/Dev/dvda-author2/local/include  conftest.c  >&5
configure:4029: $? = 0
configure:4036: ./conftest
configure:4040: $? = 0
configure:4028: result: no
configure:4033: checking for suffix of object files
configure:4055: gcc -c  -I/home/fab/Dev/dvda-author2/local/include conftest.c >&5
configure:4059: $? = 0
configure:4080: result: o
configure:4084: checking whether we are using the GNU C compiler
configure:4103: gcc -c  -I/home/fab/Dev/dvda-author2/local/include conftest.c >&5
configure:4103: $? = 0
configure:4112: result: yes
configure:4121: checking whether gcc accepts -g
configure:4141: gcc -c -g -I/home/fab/Dev/dvda-author2/local/include conftest.c >&5
configure:4141: $? = 0
configure:4182: result: yes
configure:4199: checking for gcc option to accept ISO C89
configure:4262: gcc  -c  -I/home/fab/Dev/dvda-author2/local/include conftest.c >&5
configure:4262: $? = 0
configure:4275: result: none needed
configure:4300: checking whether gcc understands -c and -o together
configure:4322: gcc -c conftest.c -o conftest2.o
configure:4325: $? = 0
configure:4322: gcc -c conftest.c -o conftest2.o
configure:4325: $? = 0
configure:4337: result: yes
configure:4356: checking dependency style of gcc
configure:4467: result: gcc3
configure:4486: checking for gcc option to accept ISO C99
configure:4635: gcc  -c  -I/home/fab/Dev/dvda-author2/local/include conftest.c >&5
configure:4635: $? = 0
configure:4648: result: none needed
configure:4756: checking for gcc option to accept ISO Standard C
configure:4767: result: none needed
configure:4780: checking how to run the C preprocessor
configure:4811: gcc -E -I/home/fab/Dev/dvda-author2/local/include conftest.c
configure:4811: $? = 0
configure:4825: gcc -E -I/home/fab/Dev/dvda-author2/local/include conftest.c
conftest.c:11:10: fatal error: ac_nonexistent.h: No such file or directory
   11 | #include <ac_nonexistent.h>
      |          ^~~~~~~~~~~~~~~~~~
compilation terminated.
configure:4825: $? = 1
configure: failed program was:
| /* confdefs.h */
| #define PACKAGE_NAME "flac"
| #define PACKAGE_TARNAME "flac"
| #define PACKAGE_VERSION "1.3.2"
| #define PACKAGE_STRING "flac 1.3.2"
| #define PACKAGE_BUGREPORT "flac-dev@xiph.org"
| #define PACKAGE_URL "https://www.xiph.org/flac/"
| #define PACKAGE "flac"
| #define VERSION "1.3.2"
| /* end confdefs.h.  */
| #include <ac_nonexistent.h>
configure:4850: result: gcc -E
configure:4870: gcc -E -I/home/fab/Dev/dvda-author2/local/include conftest.c
configure:4870: $? = 0
configure:4884: gcc -E -I/home/fab/Dev/dvda-author2/local/include conftest.c
conftest.c:11:10: fatal error: ac_nonexistent.h: No such file or directory
   11 | #include <ac_nonexistent.h>
      |          ^~~~~~~~~~~~~~~~~~
compilation terminated.
configure:4884: $? = 1
configure: failed program was:
| /* confdefs.h */
| #define PACKAGE_NAME "flac"
| #define PACKAGE_TARNAME "flac"
| #define PACKAGE_VERSION "1.3.2"
| #define PACKAGE_STRING "flac 1.3.2"
| #define PACKAGE_BUGREPORT "flac-dev@xiph.org"
| #define PACKAGE_URL "https://www.xiph.org/flac/"
| #define PACKAGE "flac"
| #define VERSION "1.3.2"
| /* end confdefs.h.  */
| #include <ac_nonexistent.h>
configure:4913: checking for grep that handles long lines and -e
configure:4971: result: /usr/bin/grep
configure:4976: checking for egrep
configure:5038: result: /usr/bin/grep -E
configure:5043: checking for ANSI C header files
configure:5063: gcc -c  -I/home/fab/Dev/dvda-author2/local/include conftest.c >&5
configure:5063: $? = 0
configure:5136: gcc -o conftest  -I/home/fab/Dev/dvda-author2/local/include  conftest.c  >&5
configure:5136: $? = 0
configure:5136: ./conftest
configure:5136: $? = 0
configure:5147: result: yes
configure:5160: checking for sys/types.h
configure:5160: gcc -c  -I/home/fab/Dev/dvda-author2/local/include conftest.c >&5
configure:5160: $? = 0
configure:5160: result: yes
configure:5160: checking for sys/stat.h
configure:5160: gcc -c  -I/home/fab/Dev/dvda-author2/local/include conftest.c >&5
configure:5160: $? = 0
configure:5160: result: yes
configure:5160: checking for stdlib.h
configure:5160: gcc -c  -I/home/fab/Dev/dvda-author2/local/include conftest.c >&5
configure:5160: $? = 0
configure:5160: result: yes
configure:5160: checking for string.h
configure:5160: gcc -c  -I/home/fab/Dev/dvda-author2/local/include conftest.c >&5
configure:5160: $? = 0
configure:5160: result: yes
configure:5160: checking for memory.h
configure:5160: gcc -c  -I/home/fab/Dev/dvda-author2/local/include conftest.c >&5
configure:5160: $? = 0
configure:5160: result: yes
configure:5160: checking for strings.h
configure:5160: gcc -c  -I/home/fab/Dev/dvda-author2/local/include conftest.c >&5
configure:5160: $? = 0
configure:5160: result: yes
configure:5160: checking for inttypes.h
configure:5160: gcc -c  -I/home/fab/Dev/dvda-author2/local/include conftest.c >&5
configure:5160: $? = 0
configure:5160: result: yes
configure:5160: checking for stdint.h
configure:5160: gcc -c  -I/home/fab/Dev/dvda-author2/local/include conftest.c >&5
configure:5160: $? = 0
configure:5160: result: yes
configure:5160: checking for unistd.h
configure:5160: gcc -c  -I/home/fab/Dev/dvda-author2/local/include conftest.c >&5
configure:5160: $? = 0
configure:5160: result: yes
configure:5173: checking minix/config.h usability
configure:5173: gcc -c  -I/home/fab/Dev/dvda-author2/local/include conftest.c >&5
conftest.c:54:10: fatal error: minix/config.h: No such file or directory
   54 | #include <minix/config.h>
      |          ^~~~~~~~~~~~~~~~
compilation terminated.
configure:5173: $? = 1
configure: failed program was:
| /* confdefs.h */
| #define PACKAGE_NAME "flac"
| #define PACKAGE_TARNAME "flac"
| #define PACKAGE_VERSION "1.3.2"
| #define PACKAGE_STRING "flac 1.3.2"
| #define PACKAGE_BUGREPORT "flac-dev@xiph.org"
| #define PACKAGE_URL "https://www.xiph.org/flac/"
| #define PACKAGE "flac"
| #define VERSION "1.3.2"
| #define STDC_HEADERS 1
| #define HAVE_SYS_TYPES_H 1
| #define HAVE_SYS_STAT_H 1
| #define HAVE_STDLIB_H 1
| #define HAVE_STRING_H 1
| #define HAVE_MEMORY_H 1
| #define HAVE_STRINGS_H 1
| #define HAVE_INTTYPES_H 1
| #define HAVE_STDINT_H 1
| #define HAVE_UNISTD_H 1
| /* end confdefs.h.  */
| #include <stdio.h>
| #ifdef HAVE_SYS_TYPES_H
| # include <sys/types.h>
| #endif
| #ifdef HAVE_SYS_STAT_H
| # include <sys/stat.h>
| #endif
| #ifdef STDC_HEADERS
| # include <stdlib.h>
| # include <stddef.h>
| #else
| # ifdef HAVE_STDLIB_H
| #  include <stdlib.h>
| # endif
| #endif
| #ifdef HAVE_STRING_H
| # if !defined STDC_HEADERS && defined HAVE_MEMORY_H
| #  include <memory.h>
| # endif
| # include <string.h>
| #endif
| #ifdef HAVE_STRINGS_H
| # include <strings.h>
| #endif
| #ifdef HAVE_INTTYPES_H
| # include <inttypes.h>
| #endif
| #ifdef HAVE_STDINT_H
| # include <stdint.h>
| #endif
| #ifdef HAVE_UNISTD_H
| # include <unistd.h>
| #endif
| #include <minix/config.h>
configure:5173: result: no
configure:5173: checking minix/config.h presence
configure:5173: gcc -E -I/home/fab/Dev/dvda-author2/local/include conftest.c
conftest.c:21:10: fatal error: minix/config.h: No such file or directory
   21 | #include <minix/config.h>
      |          ^~~~~~~~~~~~~~~~
compilation terminated.
configure:5173: $? = 1
configure: failed program was:
| /* confdefs.h */
| #define PACKAGE_NAME "flac"
| #define PACKAGE_TARNAME "flac"
| #define PACKAGE_VERSION "1.3.2"
| #define PACKAGE_STRING "flac 1.3.2"
| #define PACKAGE_BUGREPORT "flac-dev@xiph.org"
| #define PACKAGE_URL "https://www.xiph.org/flac/"
| #define PACKAGE "flac"
| #define VERSION "1.3.2"
| #define STDC_HEADERS 1
| #define HAVE_SYS_TYPES_H 1
| #define HAVE_SYS_STAT_H 1
| #define HAVE_STDLIB_H 1
| #define HAVE_STRING_H 1
| #define HAVE_MEMORY_H 1
| #define HAVE_STRINGS_H 1
| #define HAVE_INTTYPES_H 1
| #define HAVE_STDINT_H 1
| #define HAVE_UNISTD_H 1
| /* end confdefs.h.  */
| #include <minix/config.h>
configure:5173: result: no
configure:5173: checking for minix/config.h
configure:5173: result: no
configure:5194: checking whether it is safe to define __EXTENSIONS__
configure:5212: gcc -c  -I/home/fab/Dev/dvda-author2/local/include conftest.c >&5
configure:5212: $? = 0
configure:5219: result: yes
configure:5282: checking for ar
configure:5298: found /usr/bin/ar
configure:5309: result: ar
configure:5335: checking the archiver (ar) interface
configure:5351: gcc -c  -I/home/fab/Dev/dvda-author2/local/include conftest.c >&5
configure:5351: $? = 0
configure:5353: ar cru libconftest.a conftest.o >&5
ar: `u' modifier ignored since `D' is the default (see `U')
configure:5356: $? = 0
configure:5355: result: ar
configure:5404: checking build system type
configure:5418: result: x86_64-pc-linux-gnu
configure:5438: checking host system type
configure:5451: result: x86_64-pc-linux-gnu
configure:5492: checking how to print strings
configure:5519: result: printf
configure:5540: checking for a sed that does not truncate output
configure:5604: result: /usr/bin/sed
configure:5622: checking for fgrep
configure:5684: result: /usr/bin/grep -F
configure:5719: checking for ld used by gcc
configure:5786: result: /usr/bin/ld
configure:5793: checking if the linker (/usr/bin/ld) is GNU ld
configure:5808: result: yes
configure:5820: checking for BSD- or MS-compatible name lister (nm)
configure:5874: result: /usr/bin/nm -B
configure:6004: checking the name lister (/usr/bin/nm -B) interface
configure:6011: gcc -c  -I/home/fab/Dev/dvda-author2/local/include conftest.c >&5
configure:6014: /usr/bin/nm -B "conftest.o"
configure:6017: output
0000000000000000 B some_variable
configure:6018: result: BSD nm
configure:6021: checking whether ln -s works
configure:6025: result: yes
configure:6033: checking the maximum length of command line arguments
configure:6164: result: 1572864
configure:6212: checking how to convert x86_64-pc-linux-gnu file names to x86_64-pc-linux-gnu format
configure:6252: result: func_convert_file_noop
configure:6259: checking how to convert x86_64-pc-linux-gnu file names to toolchain format
configure:6279: result: func_convert_file_noop
configure:6286: checking for /usr/bin/ld option to reload object files
configure:6293: result: -r
configure:6367: checking for objdump
configure:6383: found /usr/bin/objdump
configure:6394: result: objdump
configure:6423: checking how to recognize dependent libraries
configure:6623: result: pass_all
configure:6708: checking for dlltool
configure:6738: result: no
configure:6765: checking how to associate runtime and link libraries
configure:6792: result: printf %s\n
configure:6916: checking for archiver @FILE support
configure:6933: gcc -c  -I/home/fab/Dev/dvda-author2/local/include conftest.c >&5
configure:6933: $? = 0
configure:6936: ar cru libconftest.a @conftest.lst >&5
ar: `u' modifier ignored since `D' is the default (see `U')
configure:6939: $? = 0
configure:6944: ar cru libconftest.a @conftest.lst >&5
ar: `u' modifier ignored since `D' is the default (see `U')
ar: conftest.o: No such file or directory
configure:6947: $? = 1
configure:6946: result: @
configure:7004: checking for strip
configure:7020: found /usr/bin/strip
configure:7031: result: strip
configure:7103: checking for ranlib
configure:7119: found /usr/bin/ranlib
configure:7130: result: ranlib
configure:7232: checking command to parse /usr/bin/nm -B output from gcc object
configure:7385: gcc -c  -I/home/fab/Dev/dvda-author2/local/include conftest.c >&5
configure:7388: $? = 0
configure:7392: /usr/bin/nm -B conftest.o \| sed -n -e 's/^.*[ ]\([ABCDGIRSTW][ABCDGIRSTW]*\)[ ][ ]*\([_A-Za-z][_A-Za-z0-9]*\)$/\1 \2 \2/p' | sed '/ __gnu_lto/d' \> conftest.nm
configure:7395: $? = 0
configure:7461: gcc -o conftest  -I/home/fab/Dev/dvda-author2/local/include  conftest.c conftstm.o >&5
configure:7464: $? = 0
configure:7502: result: ok
configure:7549: checking for sysroot
configure:7579: result: no
configure:7586: checking for a working dd
configure:7624: result: /usr/bin/dd
configure:7628: checking how to truncate binary pipes
configure:7643: result: /usr/bin/dd bs=4096 count=1
configure:7779: gcc -c  -I/home/fab/Dev/dvda-author2/local/include conftest.c >&5
configure:7782: $? = 0
configure:7972: checking for mt
configure:7988: found /usr/bin/mt
configure:7999: result: mt
configure:8022: checking if mt is a manifest tool
configure:8028: mt '-?'
configure:8036: result: no
configure:8710: checking for dlfcn.h
configure:8710: gcc -c  -I/home/fab/Dev/dvda-author2/local/include conftest.c >&5
configure:8710: $? = 0
configure:8710: result: yes
configure:9262: checking for objdir
configure:9277: result: .libs
configure:9541: checking if gcc supports -fno-rtti -fno-exceptions
configure:9559: gcc -c  -I/home/fab/Dev/dvda-author2/local/include -fno-rtti -fno-exceptions conftest.c >&5
cc1: warning: command line option '-fno-rtti' is valid for C++/D/ObjC++ but not for C
configure:9563: $? = 0
configure:9576: result: no
configure:9934: checking for gcc option to produce PIC
configure:9941: result: -fPIC -DPIC
configure:9949: checking if gcc PIC flag -fPIC -DPIC works
configure:9967: gcc -c  -I/home/fab/Dev/dvda-author2/local/include -fPIC -DPIC -DPIC conftest.c >&5
configure:9971: $? = 0
configure:9984: result: yes
configure:10013: checking if gcc static flag -static works
configure:10041: result: yes
configure:10056: checking if gcc supports -c -o file.o
configure:10077: gcc -c  -I/home/fab/Dev/dvda-author2/local/include -o out/conftest2.o conftest.c >&5
configure:10081: $? = 0
configure:10103: result: yes
configure:10111: checking if gcc supports -c -o file.o
configure:10158: result: yes
configure:10191: checking whether the gcc linker (/usr/bin/ld -m elf_x86_64) supports shared libraries
configure:11454: result: yes
configure:11694: checking dynamic linker characteristics
configure:12275: gcc -o conftest  -I/home/fab/Dev/dvda-author2/local/include  -Wl,-rpath -Wl,/foo conftest.c  >&5
configure:12275: $? = 0
configure:12524: result: GNU/Linux ld.so
configure:12646: checking how to hardcode library paths into programs
configure:12671: result: immediate
configure:13219: checking whether stripping libraries is possible
configure:13224: result: yes
configure:13259: checking if libtool supports shared libraries
configure:13261: result: yes
configure:13264: checking whether to build shared libraries
configure:13289: result: no
configure:13292: checking whether to build static libraries
configure:13296: result: yes
configure:10118: checking dependency style of gcc
configure:10227: result: gcc3
configure:10300: checking for g++
configure:10316: found /usr/bin/g++
configure:10327: result: g++
configure:10354: checking for C++ compiler version
configure:10363: g++ --version >&5
g++ (Ubuntu 9.3.0-10ubuntu2) 9.3.0
Copyright (C) 2019 Free Software Foundation, Inc.
This is free software; see the source for copying conditions.  There is NO
warranty; not even for MERCHANTABILITY or FITNESS FOR A PARTICULAR PURPOSE.

configure:10374: $? = 0
configure:10363: g++ -v >&5
Using built-in specs.
COLLECT_GCC=g++
COLLECT_LTO_WRAPPER=/usr/lib/gcc/x86_64-linux-gnu/9/lto-wrapper
OFFLOAD_TARGET_NAMES=nvptx-none:hsa
OFFLOAD_TARGET_DEFAULT=1
Target: x86_64-linux-gnu
Configured with: ../src/configure -v --with-pkgversion='Ubuntu 9.3.0-10ubuntu2' --with-bugurl=file:///usr/share/doc/gcc-9/README.Bugs --enable-languages=c,ada,c++,go,brig,d,fortran,objc,obj-c++,gm2 --prefix=/usr --with-gcc-major-version-only --program-suffix=-9 --program-prefix=x86_64-linux-gnu- --enable-shared --enable-linker-build-id --libexecdir=/usr/lib --without-included-gettext --enable-threads=posix --libdir=/usr/lib --enable-nls --enable-clocale=gnu --enable-libstdcxx-debug --enable-libstdcxx-time=yes --with-default-libstdcxx-abi=new --enable-gnu-unique-object --disable-vtable-verify --enable-plugin --enable-default-pie --with-system-zlib --with-target-system-zlib=auto --enable-objc-gc=auto --enable-multiarch --disable-werror --with-arch-32=i686 --with-abi=m64 --with-multilib-list=m32,m64,mx32 --enable-multilib --with-tune=generic --enable-offload-targets=nvptx-none,hsa --without-cuda-driver --enable-checking=release --build=x86_64-linux-gnu --host=x86_64-linux-gnu --target=x86_64-linux-gnu
Thread model: posix
gcc version 9.3.0 (Ubuntu 9.3.0-10ubuntu2) 
configure:10374: $? = 0
configure:10363: g++ -V >&5
g++: error: unrecognized command line option '-V'
g++: fatal error: no input files
compilation terminated.
configure:10374: $? = 1
configure:10363: g++ -qversion >&5
g++: error: unrecognized command line option '-qversion'; did you mean '--version'?
g++: fatal error: no input files
compilation terminated.
configure:10374: $? = 1
configure:10378: checking whether we are using the GNU C++ compiler
configure:10397: g++ -c -fPIC -I/home/fab/Dev/dvda-author2/local/include conftest.cpp >&5
configure:10397: $? = 0
configure:10406: result: yes
configure:10415: checking whether g++ accepts -g
configure:10435: g++ -c -g -I/home/fab/Dev/dvda-author2/local/include conftest.cpp >&5
configure:10435: $? = 0
configure:10476: result: yes
configure:10501: checking dependency style of g++
configure:10612: result: gcc3
configure:10645: checking how to run the C++ preprocessor
configure:10672: g++ -E -I/home/fab/Dev/dvda-author2/local/include conftest.cpp
configure:10672: $? = 0
configure:10686: g++ -E -I/home/fab/Dev/dvda-author2/local/include conftest.cpp
conftest.cpp:28:10: fatal error: ac_nonexistent.h: No such file or directory
   28 | #include <ac_nonexistent.h>
      |          ^~~~~~~~~~~~~~~~~~
compilation terminated.
configure:10686: $? = 1
configure: failed program was:
| /* confdefs.h */
| #define PACKAGE_NAME "flac"
| #define PACKAGE_TARNAME "flac"
| #define PACKAGE_VERSION "1.3.2"
| #define PACKAGE_STRING "flac 1.3.2"
| #define PACKAGE_BUGREPORT "flac-dev@xiph.org"
| #define PACKAGE_URL "https://www.xiph.org/flac/"
| #define PACKAGE "flac"
| #define VERSION "1.3.2"
| #define STDC_HEADERS 1
| #define HAVE_SYS_TYPES_H 1
| #define HAVE_SYS_STAT_H 1
| #define HAVE_STDLIB_H 1
| #define HAVE_STRING_H 1
| #define HAVE_MEMORY_H 1
| #define HAVE_STRINGS_H 1
| #define HAVE_INTTYPES_H 1
| #define HAVE_STDINT_H 1
| #define HAVE_UNISTD_H 1
| #define __EXTENSIONS__ 1
| #define _ALL_SOURCE 1
| #define _GNU_SOURCE 1
| #define _POSIX_PTHREAD_SEMANTICS 1
| #define _TANDEM_SOURCE 1
| #define HAVE_DLFCN_H 1
| #define LT_OBJDIR ".libs/"
| /* end confdefs.h.  */
| #include <ac_nonexistent.h>
configure:10711: result: g++ -E
configure:10731: g++ -E -I/home/fab/Dev/dvda-author2/local/include conftest.cpp
configure:10731: $? = 0
configure:10745: g++ -E -I/home/fab/Dev/dvda-author2/local/include conftest.cpp
conftest.cpp:28:10: fatal error: ac_nonexistent.h: No such file or directory
   28 | #include <ac_nonexistent.h>
      |          ^~~~~~~~~~~~~~~~~~
compilation terminated.
configure:10745: $? = 1
configure: failed program was:
| /* confdefs.h */
| #define PACKAGE_NAME "flac"
| #define PACKAGE_TARNAME "flac"
| #define PACKAGE_VERSION "1.3.2"
| #define PACKAGE_STRING "flac 1.3.2"
| #define PACKAGE_BUGREPORT "flac-dev@xiph.org"
| #define PACKAGE_URL "https://www.xiph.org/flac/"
| #define PACKAGE "flac"
| #define VERSION "1.3.2"
| #define STDC_HEADERS 1
| #define HAVE_SYS_TYPES_H 1
| #define HAVE_SYS_STAT_H 1
| #define HAVE_STDLIB_H 1
| #define HAVE_STRING_H 1
| #define HAVE_MEMORY_H 1
| #define HAVE_STRINGS_H 1
| #define HAVE_INTTYPES_H 1
| #define HAVE_STDINT_H 1
| #define HAVE_UNISTD_H 1
| #define __EXTENSIONS__ 1
| #define _ALL_SOURCE 1
| #define _GNU_SOURCE 1
| #define _POSIX_PTHREAD_SEMANTICS 1
| #define _TANDEM_SOURCE 1
| #define HAVE_DLFCN_H 1
| #define LT_OBJDIR ".libs/"
| /* end confdefs.h.  */
| #include <ac_nonexistent.h>
configure:10907: checking for ld used by g++
configure:10974: result: /usr/bin/ld -m elf_x86_64
configure:10981: checking if the linker (/usr/bin/ld -m elf_x86_64) is GNU ld
configure:10996: result: yes
configure:11051: checking whether the g++ linker (/usr/bin/ld -m elf_x86_64) supports shared libraries
configure:12124: result: yes
configure:12160: g++ -c -fPIC -I/home/fab/Dev/dvda-author2/local/include conftest.cpp >&5
configure:12163: $? = 0
configure:12644: checking for g++ option to produce PIC
configure:12651: result: -fPIC -DPIC
configure:12659: checking if g++ PIC flag -fPIC -DPIC works
configure:12677: g++ -c -fPIC -I/home/fab/Dev/dvda-author2/local/include -fPIC -DPIC -DPIC conftest.cpp >&5
configure:12681: $? = 0
configure:12694: result: yes
configure:12717: checking if g++ static flag -static works
configure:12745: result: yes
configure:12757: checking if g++ supports -c -o file.o
configure:12778: g++ -c -fPIC -I/home/fab/Dev/dvda-author2/local/include -o out/conftest2.o conftest.cpp >&5
configure:12782: $? = 0
configure:12804: result: yes
configure:12809: checking if g++ supports -c -o file.o
configure:12856: result: yes
configure:12886: checking whether the g++ linker (/usr/bin/ld -m elf_x86_64) supports shared libraries
configure:12929: result: yes
configure:13070: checking dynamic linker characteristics
configure:13827: result: GNU/Linux ld.so
configure:13892: checking how to hardcode library paths into programs
configure:13917: result: immediate
configure:12788: checking whether we are using the CLANG C compiler
configure:12811: gcc -o conftest  -I/home/fab/Dev/dvda-author2/local/include  conftest.c  >&5
conftest.c: In function 'main':
conftest.c:36:5: error: unknown type name 'This'
   36 |     This is not clang!
      |     ^~~~
conftest.c:36:13: error: expected '=', ',', ';', 'asm' or '__attribute__' before 'not'
   36 |     This is not clang!
      |             ^~~
configure:12811: $? = 1
configure: failed program was:
| /* confdefs.h */
| #define PACKAGE_NAME "flac"
| #define PACKAGE_TARNAME "flac"
| #define PACKAGE_VERSION "1.3.2"
| #define PACKAGE_STRING "flac 1.3.2"
| #define PACKAGE_BUGREPORT "flac-dev@xiph.org"
| #define PACKAGE_URL "https://www.xiph.org/flac/"
| #define PACKAGE "flac"
| #define VERSION "1.3.2"
| #define STDC_HEADERS 1
| #define HAVE_SYS_TYPES_H 1
| #define HAVE_SYS_STAT_H 1
| #define HAVE_STDLIB_H 1
| #define HAVE_STRING_H 1
| #define HAVE_MEMORY_H 1
| #define HAVE_STRINGS_H 1
| #define HAVE_INTTYPES_H 1
| #define HAVE_STDINT_H 1
| #define HAVE_UNISTD_H 1
| #define __EXTENSIONS__ 1
| #define _ALL_SOURCE 1
| #define _GNU_SOURCE 1
| #define _POSIX_PTHREAD_SEMANTICS 1
| #define _TANDEM_SOURCE 1
| #define HAVE_DLFCN_H 1
| #define LT_OBJDIR ".libs/"
| /* end confdefs.h.  */
| 
| 			#include <stdio.h>
| 
| int
| main ()
| {
| 
| 			#ifndef __clang__
| 				This is not clang!
| 			#endif
| 
|   ;
|   return 0;
| }
configure:12817: result: no
configure:12843: gcc -o conftest  -I/home/fab/Dev/dvda-author2/local/include  conftest.c  >&5
configure:12843: $? = 0
configure:12853: checking whether make sets $(MAKE)
configure:12875: result: yes
configure:12893: checking for special C compiler options needed for large files
configure:12938: result: no
configure:12944: checking for _FILE_OFFSET_BITS value needed for large files
configure:12969: gcc -c  -I/home/fab/Dev/dvda-author2/local/include conftest.c >&5
configure:12969: $? = 0
configure:13001: result: no
configure:13086: checking for _LARGEFILE_SOURCE value needed for large files
configure:13105: gcc -o conftest  -I/home/fab/Dev/dvda-author2/local/include  conftest.c  >&5
configure:13105: $? = 0
configure:13133: result: no
configure:13159: checking size of off_t
configure:13164: gcc -o conftest  -I/home/fab/Dev/dvda-author2/local/include  conftest.c  >&5
configure:13164: $? = 0
configure:13164: ./conftest
configure:13164: $? = 0
configure:13178: result: 8
configure:13192: checking size of void*
configure:13197: gcc -o conftest  -I/home/fab/Dev/dvda-author2/local/include  conftest.c  >&5
configure:13197: $? = 0
configure:13197: ./conftest
configure:13197: $? = 0
configure:13211: result: 8
configure:13221: checking for library containing lround
configure:13252: gcc -o conftest  -I/home/fab/Dev/dvda-author2/local/include  conftest.c  >&5
conftest.c:38:6: warning: conflicting types for built-in function 'lround'; expected 'long int(double)' [-Wbuiltin-declaration-mismatch]
   38 | char lround ();
      |      ^~~~~~
conftest.c:1:1: note: 'lround' is declared in header '<math.h>'
    1 | /* confdefs.h */
/usr/bin/ld: /tmp/cc89w6pa.o: in function `main':
conftest.c:(.text+0xe): undefined reference to `lround'
collect2: error: ld returned 1 exit status
configure:13252: $? = 1
configure: failed program was:
| /* confdefs.h */
| #define PACKAGE_NAME "flac"
| #define PACKAGE_TARNAME "flac"
| #define PACKAGE_VERSION "1.3.2"
| #define PACKAGE_STRING "flac 1.3.2"
| #define PACKAGE_BUGREPORT "flac-dev@xiph.org"
| #define PACKAGE_URL "https://www.xiph.org/flac/"
| #define PACKAGE "flac"
| #define VERSION "1.3.2"
| #define STDC_HEADERS 1
| #define HAVE_SYS_TYPES_H 1
| #define HAVE_SYS_STAT_H 1
| #define HAVE_STDLIB_H 1
| #define HAVE_STRING_H 1
| #define HAVE_MEMORY_H 1
| #define HAVE_STRINGS_H 1
| #define HAVE_INTTYPES_H 1
| #define HAVE_STDINT_H 1
| #define HAVE_UNISTD_H 1
| #define __EXTENSIONS__ 1
| #define _ALL_SOURCE 1
| #define _GNU_SOURCE 1
| #define _POSIX_PTHREAD_SEMANTICS 1
| #define _TANDEM_SOURCE 1
| #define HAVE_DLFCN_H 1
| #define LT_OBJDIR ".libs/"
| #define HAVE_FSEEKO 1
| #define SIZEOF_OFF_T 8
| #define SIZEOF_VOIDP 8
| /* end confdefs.h.  */
| 
| /* Override any GCC internal prototype to avoid an error.
|    Use char because int might match the return type of a GCC
|    builtin and then its argument prototype would still apply.  */
| #ifdef __cplusplus
| extern "C"
| #endif
| char lround ();
| int
| main ()
| {
| return lround ();
|   ;
|   return 0;
| }
configure:13252: gcc -o conftest  -I/home/fab/Dev/dvda-author2/local/include  conftest.c -lm   >&5
conftest.c:38:6: warning: conflicting types for built-in function 'lround'; expected 'long int(double)' [-Wbuiltin-declaration-mismatch]
   38 | char lround ();
      |      ^~~~~~
conftest.c:1:1: note: 'lround' is declared in header '<math.h>'
    1 | /* confdefs.h */
configure:13252: $? = 0
configure:13269: result: -lm
configure:13288: checking for variable-length arrays
configure:13304: g++ -c -fPIC -I/home/fab/Dev/dvda-author2/local/include conftest.cpp >&5
configure:13304: $? = 0
configure:13311: result: yes
configure:13332: checking for ANSI C header files
configure:13436: result: yes
configure:13445: checking for inline
configure:13461: gcc -c  -I/home/fab/Dev/dvda-author2/local/include conftest.c >&5
configure:13461: $? = 0
configure:13469: result: inline
configure:13488: checking for variable-length arrays
configure:13511: result: yes
configure:13520: checking for typeof syntax and keyword spelling
configure:13551: gcc -c  -I/home/fab/Dev/dvda-author2/local/include conftest.c >&5
configure:13551: $? = 0
configure:13558: result: typeof
configure:13577: checking for stdint.h
configure:13577: result: yes
configure:13577: checking for inttypes.h
configure:13577: result: yes
configure:13577: checking byteswap.h usability
configure:13577: gcc -c  -I/home/fab/Dev/dvda-author2/local/include conftest.c >&5
configure:13577: $? = 0
configure:13577: result: yes
configure:13577: checking byteswap.h presence
configure:13577: gcc -E -I/home/fab/Dev/dvda-author2/local/include conftest.c
configure:13577: $? = 0
configure:13577: result: yes
configure:13577: checking for byteswap.h
configure:13577: result: yes
configure:13577: checking sys/param.h usability
configure:13577: gcc -c  -I/home/fab/Dev/dvda-author2/local/include conftest.c >&5
configure:13577: $? = 0
configure:13577: result: yes
configure:13577: checking sys/param.h presence
configure:13577: gcc -E -I/home/fab/Dev/dvda-author2/local/include conftest.c
configure:13577: $? = 0
configure:13577: result: yes
configure:13577: checking for sys/param.h
configure:13577: result: yes
configure:13577: checking sys/ioctl.h usability
configure:13577: gcc -c  -I/home/fab/Dev/dvda-author2/local/include conftest.c >&5
configure:13577: $? = 0
configure:13577: result: yes
configure:13577: checking sys/ioctl.h presence
configure:13577: gcc -E -I/home/fab/Dev/dvda-author2/local/include conftest.c
configure:13577: $? = 0
configure:13577: result: yes
configure:13577: checking for sys/ioctl.h
configure:13577: result: yes
configure:13577: checking termios.h usability
configure:13577: gcc -c  -I/home/fab/Dev/dvda-author2/local/include conftest.c >&5
configure:13577: $? = 0
configure:13577: result: yes
configure:13577: checking termios.h presence
configure:13577: gcc -E -I/home/fab/Dev/dvda-author2/local/include conftest.c
configure:13577: $? = 0
configure:13577: result: yes
configure:13577: checking for termios.h
configure:13577: result: yes
configure:13577: checking x86intrin.h usability
configure:13577: gcc -c  -I/home/fab/Dev/dvda-author2/local/include conftest.c >&5
configure:13577: $? = 0
configure:13577: result: yes
configure:13577: checking x86intrin.h presence
configure:13577: gcc -E -I/home/fab/Dev/dvda-author2/local/include conftest.c
configure:13577: $? = 0
configure:13577: result: yes
configure:13577: checking for x86intrin.h
configure:13577: result: yes
configure:13577: checking cpuid.h usability
configure:13577: gcc -c  -I/home/fab/Dev/dvda-author2/local/include conftest.c >&5
configure:13577: $? = 0
configure:13577: result: yes
configure:13577: checking cpuid.h presence
configure:13577: gcc -E -I/home/fab/Dev/dvda-author2/local/include conftest.c
configure:13577: $? = 0
configure:13577: result: yes
configure:13577: checking for cpuid.h
configure:13577: result: yes
configure:13588: checking for bswap32 instrinsic
configure:13608: gcc -o conftest  -I/home/fab/Dev/dvda-author2/local/include  conftest.c -lm  >&5
configure:13608: $? = 0
configure:13623: result: yes
configure:13626: checking for bswap16 instrinsic
configure:13646: gcc -o conftest  -I/home/fab/Dev/dvda-author2/local/include  conftest.c -lm  >&5
configure:13646: $? = 0
configure:13661: result: yes
configure:13667: checking whether byte ordering is bigendian
configure:13682: gcc -c  -I/home/fab/Dev/dvda-author2/local/include conftest.c >&5
conftest.c:48:9: error: unknown type name 'not'
   48 |         not a universal capable compiler
      |         ^~~
conftest.c:48:15: error: expected '=', ',', ';', 'asm' or '__attribute__' before 'universal'
   48 |         not a universal capable compiler
      |               ^~~~~~~~~
conftest.c:48:15: error: unknown type name 'universal'
configure:13682: $? = 1
configure: failed program was:
| /* confdefs.h */
| #define PACKAGE_NAME "flac"
| #define PACKAGE_TARNAME "flac"
| #define PACKAGE_VERSION "1.3.2"
| #define PACKAGE_STRING "flac 1.3.2"
| #define PACKAGE_BUGREPORT "flac-dev@xiph.org"
| #define PACKAGE_URL "https://www.xiph.org/flac/"
| #define PACKAGE "flac"
| #define VERSION "1.3.2"
| #define STDC_HEADERS 1
| #define HAVE_SYS_TYPES_H 1
| #define HAVE_SYS_STAT_H 1
| #define HAVE_STDLIB_H 1
| #define HAVE_STRING_H 1
| #define HAVE_MEMORY_H 1
| #define HAVE_STRINGS_H 1
| #define HAVE_INTTYPES_H 1
| #define HAVE_STDINT_H 1
| #define HAVE_UNISTD_H 1
| #define __EXTENSIONS__ 1
| #define _ALL_SOURCE 1
| #define _GNU_SOURCE 1
| #define _POSIX_PTHREAD_SEMANTICS 1
| #define _TANDEM_SOURCE 1
| #define HAVE_DLFCN_H 1
| #define LT_OBJDIR ".libs/"
| #define HAVE_FSEEKO 1
| #define SIZEOF_OFF_T 8
| #define SIZEOF_VOIDP 8
| #define HAVE_LROUND 1
| #define HAVE_C_VARARRAYS 1
| #define HAVE_CXX_VARARRAYS 1
| #define STDC_HEADERS 1
| #define HAVE_C_VARARRAYS 1
| #define HAVE_TYPEOF 1
| #define HAVE_STDINT_H 1
| #define HAVE_INTTYPES_H 1
| #define HAVE_BYTESWAP_H 1
| #define HAVE_SYS_PARAM_H 1
| #define HAVE_SYS_IOCTL_H 1
| #define HAVE_TERMIOS_H 1
| #define HAVE_X86INTRIN_H 1
| #define HAVE_CPUID_H 1
| #define HAVE_BSWAP32 1
| #define HAVE_BSWAP16 1
| /* end confdefs.h.  */
| #ifndef __APPLE_CC__
| 	       not a universal capable compiler
| 	     #endif
| 	     typedef int dummy;
| 
configure:13727: gcc -c  -I/home/fab/Dev/dvda-author2/local/include conftest.c >&5
configure:13727: $? = 0
configure:13745: gcc -c  -I/home/fab/Dev/dvda-author2/local/include conftest.c >&5
conftest.c: In function 'main':
conftest.c:54:4: error: unknown type name 'not'; did you mean 'ino_t'?
   54 |    not big endian
      |    ^~~
      |    ino_t
conftest.c:54:12: error: expected '=', ',', ';', 'asm' or '__attribute__' before 'endian'
   54 |    not big endian
      |            ^~~~~~
configure:13745: $? = 1
configure: failed program was:
| /* confdefs.h */
| #define PACKAGE_NAME "flac"
| #define PACKAGE_TARNAME "flac"
| #define PACKAGE_VERSION "1.3.2"
| #define PACKAGE_STRING "flac 1.3.2"
| #define PACKAGE_BUGREPORT "flac-dev@xiph.org"
| #define PACKAGE_URL "https://www.xiph.org/flac/"
| #define PACKAGE "flac"
| #define VERSION "1.3.2"
| #define STDC_HEADERS 1
| #define HAVE_SYS_TYPES_H 1
| #define HAVE_SYS_STAT_H 1
| #define HAVE_STDLIB_H 1
| #define HAVE_STRING_H 1
| #define HAVE_MEMORY_H 1
| #define HAVE_STRINGS_H 1
| #define HAVE_INTTYPES_H 1
| #define HAVE_STDINT_H 1
| #define HAVE_UNISTD_H 1
| #define __EXTENSIONS__ 1
| #define _ALL_SOURCE 1
| #define _GNU_SOURCE 1
| #define _POSIX_PTHREAD_SEMANTICS 1
| #define _TANDEM_SOURCE 1
| #define HAVE_DLFCN_H 1
| #define LT_OBJDIR ".libs/"
| #define HAVE_FSEEKO 1
| #define SIZEOF_OFF_T 8
| #define SIZEOF_VOIDP 8
| #define HAVE_LROUND 1
| #define HAVE_C_VARARRAYS 1
| #define HAVE_CXX_VARARRAYS 1
| #define STDC_HEADERS 1
| #define HAVE_C_VARARRAYS 1
| #define HAVE_TYPEOF 1
| #define HAVE_STDINT_H 1
| #define HAVE_INTTYPES_H 1
| #define HAVE_BYTESWAP_H 1
| #define HAVE_SYS_PARAM_H 1
| #define HAVE_SYS_IOCTL_H 1
| #define HAVE_TERMIOS_H 1
| #define HAVE_X86INTRIN_H 1
| #define HAVE_CPUID_H 1
| #define HAVE_BSWAP32 1
| #define HAVE_BSWAP16 1
| /* end confdefs.h.  */
| #include <sys/types.h>
| 		#include <sys/param.h>
| 
| int
| main ()
| {
| #if BYTE_ORDER != BIG_ENDIAN
| 		 not big endian
| 		#endif
| 
|   ;
|   return 0;
| }
configure:13873: result: no
configure:13938: checking for socklen_t
configure:13938: gcc -c  -I/home/fab/Dev/dvda-author2/local/include conftest.c >&5
configure:13938: $? = 0
configure:13938: gcc -c  -I/home/fab/Dev/dvda-author2/local/include conftest.c >&5
conftest.c: In function 'main':
conftest.c:86:24: error: expected expression before ')' token
   86 | if (sizeof ((socklen_t)))
      |                        ^
configure:13938: $? = 1
configure: failed program was:
| /* confdefs.h */
| #define PACKAGE_NAME "flac"
| #define PACKAGE_TARNAME "flac"
| #define PACKAGE_VERSION "1.3.2"
| #define PACKAGE_STRING "flac 1.3.2"
| #define PACKAGE_BUGREPORT "flac-dev@xiph.org"
| #define PACKAGE_URL "https://www.xiph.org/flac/"
| #define PACKAGE "flac"
| #define VERSION "1.3.2"
| #define STDC_HEADERS 1
| #define HAVE_SYS_TYPES_H 1
| #define HAVE_SYS_STAT_H 1
| #define HAVE_STDLIB_H 1
| #define HAVE_STRING_H 1
| #define HAVE_MEMORY_H 1
| #define HAVE_STRINGS_H 1
| #define HAVE_INTTYPES_H 1
| #define HAVE_STDINT_H 1
| #define HAVE_UNISTD_H 1
| #define __EXTENSIONS__ 1
| #define _ALL_SOURCE 1
| #define _GNU_SOURCE 1
| #define _POSIX_PTHREAD_SEMANTICS 1
| #define _TANDEM_SOURCE 1
| #define HAVE_DLFCN_H 1
| #define LT_OBJDIR ".libs/"
| #define HAVE_FSEEKO 1
| #define SIZEOF_OFF_T 8
| #define SIZEOF_VOIDP 8
| #define HAVE_LROUND 1
| #define HAVE_C_VARARRAYS 1
| #define HAVE_CXX_VARARRAYS 1
| #define STDC_HEADERS 1
| #define HAVE_C_VARARRAYS 1
| #define HAVE_TYPEOF 1
| #define HAVE_STDINT_H 1
| #define HAVE_INTTYPES_H 1
| #define HAVE_BYTESWAP_H 1
| #define HAVE_SYS_PARAM_H 1
| #define HAVE_SYS_IOCTL_H 1
| #define HAVE_TERMIOS_H 1
| #define HAVE_X86INTRIN_H 1
| #define HAVE_CPUID_H 1
| #define HAVE_BSWAP32 1
| #define HAVE_BSWAP16 1
| #define CPU_IS_BIG_ENDIAN 0
| #define CPU_IS_LITTLE_ENDIAN 1
| #define WORDS_BIGENDIAN 0
| /* end confdefs.h.  */
| #include <stdio.h>
| #ifdef HAVE_SYS_TYPES_H
| # include <sys/types.h>
| #endif
| #ifdef HAVE_SYS_STAT_H
| # include <sys/stat.h>
| #endif
| #ifdef STDC_HEADERS
| # include <stdlib.h>
| # include <stddef.h>
| #else
| # ifdef HAVE_STDLIB_H
| #  include <stdlib.h>
| # endif
| #endif
| #ifdef HAVE_STRING_H
| # if !defined STDC_HEADERS && defined HAVE_MEMORY_H
| #  include <memory.h>
| # endif
| # include <string.h>
| #endif
| #ifdef HAVE_STRINGS_H
| # include <strings.h>
| #endif
| #ifdef HAVE_INTTYPES_H
| # include <inttypes.h>
| #endif
| #ifdef HAVE_STDINT_H
| # include <stdint.h>
| #endif
| #ifdef HAVE_UNISTD_H
| # include <unistd.h>
| #endif
| int
| main ()
| {
| if (sizeof ((socklen_t)))
| 	    return 0;
|   ;
|   return 0;
| }
configure:13938: result: yes
configure:13951: checking for getopt_long
configure:13951: gcc -o conftest  -I/home/fab/Dev/dvda-author2/local/include  conftest.c -lm  >&5
configure:13951: $? = 0
configure:13951: result: yes
configure:13965: checking size of void*
configure:13984: result: 8
configure:14743: checking for Ogg
configure:14797: result: yes
configure:14918: checking for ld used by gcc
configure:14985: result: /usr/bin/ld -m elf_x86_64
configure:14992: checking if the linker (/usr/bin/ld -m elf_x86_64) is GNU ld
configure:15007: result: yes
configure:15014: checking for shared library run path origin
configure:15027: result: done
configure:15605: checking for iconv
configure:15629: gcc -o conftest  -I/home/fab/Dev/dvda-author2/local/include  conftest.c -lm  >&5
configure:15629: $? = 0
configure:15663: result: yes
configure:15666: checking for working iconv
configure:15786: gcc -o conftest  -I/home/fab/Dev/dvda-author2/local/include  conftest.c -lm  >&5
configure:15786: $? = 0
configure:15786: ./conftest
configure:15786: $? = 0
configure:15798: result: yes
configure:15826: checking for iconv declaration
configure:15855: gcc -c  -I/home/fab/Dev/dvda-author2/local/include conftest.c >&5
configure:15855: $? = 0
configure:15866: result:
         extern size_t iconv (iconv_t cd, char * *inbuf, size_t *inbytesleft, char * *outbuf, size_t *outbytesleft);
configure:15878: checking for nl_langinfo and CODESET
configure:15894: gcc -o conftest  -I/home/fab/Dev/dvda-author2/local/include  conftest.c -lm  >&5
configure:15894: $? = 0
configure:15903: result: yes
configure:15916: checking for docbook-to-man
configure:15946: result: no
configure:15916: checking for docbook2man
configure:15946: result: no
configure:15968: checking for clock_gettime in -lrt
configure:15993: gcc -o conftest  -I/home/fab/Dev/dvda-author2/local/include  conftest.c -lrt  -lm  >&5
configure:15993: $? = 0
configure:16002: result: yes
configure:16019: checking for nasm
configure:16035: found /usr/bin/nasm
configure:16046: result: nasm
configure:16083: checking for version of gcc
configure:16086: result: 9
configure:16103: checking if gcc accepts -Wdeclaration-after-statement
configure:16120: gcc -o conftest -Wdeclaration-after-statement -DNDEBUG -I/home/fab/Dev/dvda-author2/local/include  conftest.c -lm  >&5
configure:16120: $? = 0
configure:16121: result: yes
configure:16133: checking if gcc accepts -D_FORTIFY_SOURCE=2
configure:16150: gcc -o conftest -D_FORTIFY_SOURCE=2 -DNDEBUG -I/home/fab/Dev/dvda-author2/local/include  conftest.c -lm  >&5
configure:16150: $? = 0
configure:16151: result: yes
configure:16170: checking if g++ accepts -Weffc++
configure:16188: g++ -o conftest -Weffc++ -DNDEBUG -I/home/fab/Dev/dvda-author2/local/include  conftest.cpp -lm  >&5
configure:16188: $? = 0
configure:16189: result: yes
configure:16287: checking if gcc accepts -msse2
configure:16304: gcc -o conftest -msse2 -DNDEBUG -I/home/fab/Dev/dvda-author2/local/include -DFLAC__USE_VISIBILITY_ATTR  conftest.c -lm  >&5
configure:16304: $? = 0
configure:16305: result: yes
configure:16619: checking that generated files are newer than configure
configure:16625: result: done
configure:16733: creating ./config.status

## ---------------------- ##
## Running config.status. ##
## ---------------------- ##

This file was extended by flac config.status 1.3.2, which was
generated by GNU Autoconf 2.69.  Invocation command line was

  CONFIG_FILES    = 
  CONFIG_HEADERS  = 
  CONFIG_LINKS    = 
  CONFIG_COMMANDS = 
  $ ./config.status 

on fabpc

config.status:1325: creating Makefile
config.status:1325: creating src/Makefile
config.status:1325: creating src/libFLAC/Makefile
config.status:1325: creating src/libFLAC/flac.pc
config.status:1325: creating src/libFLAC/ia32/Makefile
config.status:1325: creating src/libFLAC/include/Makefile
config.status:1325: creating src/libFLAC/include/private/Makefile
config.status:1325: creating src/libFLAC/include/protected/Makefile
config.status:1325: creating src/libFLAC++/Makefile
config.status:1325: creating src/libFLAC++/flac++.pc
config.status:1325: creating src/flac/Makefile
config.status:1325: creating src/metaflac/Makefile
config.status:1325: creating src/plugin_common/Makefile
config.status:1325: creating src/plugin_xmms/Makefile
config.status:1325: creating src/share/Makefile
config.status:1325: creating src/test_grabbag/Makefile
config.status:1325: creating src/test_grabbag/cuesheet/Makefile
config.status:1325: creating src/test_grabbag/picture/Makefile
config.status:1325: creating src/test_libs_common/Makefile
config.status:1325: creating src/test_libFLAC/Makefile
config.status:1325: creating src/test_libFLAC++/Makefile
config.status:1325: creating src/test_seeking/Makefile
config.status:1325: creating src/test_streams/Makefile
config.status:1325: creating src/utils/Makefile
config.status:1325: creating src/utils/flacdiff/Makefile
config.status:1325: creating src/utils/flactimer/Makefile
config.status:1325: creating examples/Makefile
config.status:1325: creating examples/c/Makefile
config.status:1325: creating examples/c/decode/Makefile
config.status:1325: creating examples/c/decode/file/Makefile
config.status:1325: creating examples/c/encode/Makefile
config.status:1325: creating examples/c/encode/file/Makefile
config.status:1325: creating examples/cpp/Makefile
config.status:1325: creating examples/cpp/decode/Makefile
config.status:1325: creating examples/cpp/decode/file/Makefile
config.status:1325: creating examples/cpp/encode/Makefile
config.status:1325: creating examples/cpp/encode/file/Makefile
config.status:1325: creating include/Makefile
config.status:1325: creating include/FLAC/Makefile
config.status:1325: creating include/FLAC++/Makefile
config.status:1325: creating include/share/Makefile
config.status:1325: creating include/share/grabbag/Makefile
config.status:1325: creating include/test_libs_common/Makefile
config.status:1325: creating doc/Doxyfile
config.status:1325: creating doc/Makefile
config.status:1325: creating doc/html/Makefile
config.status:1325: creating doc/html/images/Makefile
config.status:1325: creating m4/Makefile
config.status:1325: creating man/Makefile
config.status:1325: creating test/common.sh
config.status:1325: creating test/Makefile
config.status:1325: creating test/cuesheets/Makefile
config.status:1325: creating test/flac-to-flac-metadata-test-files/Makefile
config.status:1325: creating test/metaflac-test-files/Makefile
config.status:1325: creating test/pictures/Makefile
config.status:1325: creating build/Makefile
config.status:1325: creating objs/Makefile
config.status:1325: creating objs/debug/Makefile
config.status:1325: creating objs/debug/bin/Makefile
config.status:1325: creating objs/debug/lib/Makefile
config.status:1325: creating objs/release/Makefile
config.status:1325: creating objs/release/bin/Makefile
config.status:1325: creating objs/release/lib/Makefile
config.status:1325: creating microbench/Makefile
config.status:1325: creating config.h
config.status:1554: executing depfiles commands
config.status:1554: executing libtool commands
configure:19220: result:
-=-=-=-=-=-=-=-=-=-= Configuration Complete =-=-=-=-=-=-=-=-=-=-

  Configuration summary :

    FLAC version : ........................ 1.3.2

    Host CPU : ............................ x86_64
    Host Vendor : ......................... pc
    Host OS : ............................. linux-gnu


## ---------------- ##
## Cache variables. ##
## ---------------- ##

ac_cv_build=x86_64-pc-linux-gnu
ac_cv_c_big_endian=0
ac_cv_c_bigendian=no
ac_cv_c_bswap16=yes
ac_cv_c_bswap32=yes
ac_cv_c_compiler_gnu=yes
ac_cv_c_inline=inline
ac_cv_c_little_endian=1
ac_cv_c_typeof=typeof
ac_cv_c_vararrays=yes
ac_cv_cxx_compiler_gnu=yes
ac_cv_env_CCASFLAGS_set=
ac_cv_env_CCASFLAGS_value=
ac_cv_env_CCAS_set=
ac_cv_env_CCAS_value=
ac_cv_env_CCC_set=
ac_cv_env_CCC_value=
ac_cv_env_CC_set=
ac_cv_env_CC_value=
ac_cv_env_CFLAGS_set=set
ac_cv_env_CFLAGS_value=
ac_cv_env_CPPFLAGS_set=set
ac_cv_env_CPPFLAGS_value=-I/home/fab/Dev/dvda-author2/local/include
ac_cv_env_CPP_set=
ac_cv_env_CPP_value=
ac_cv_env_CXXCPP_set=
ac_cv_env_CXXCPP_value=
ac_cv_env_CXXFLAGS_set=set
ac_cv_env_CXXFLAGS_value=-fPIC
ac_cv_env_CXX_set=
ac_cv_env_CXX_value=
ac_cv_env_LDFLAGS_set=
ac_cv_env_LDFLAGS_value=
ac_cv_env_LIBS_set=
ac_cv_env_LIBS_value=
ac_cv_env_LT_SYS_LIBRARY_PATH_set=
ac_cv_env_LT_SYS_LIBRARY_PATH_value=
ac_cv_env_build_alias_set=
ac_cv_env_build_alias_value=
ac_cv_env_host_alias_set=
ac_cv_env_host_alias_value=
ac_cv_env_target_alias_set=
ac_cv_env_target_alias_value=
ac_cv_func_getopt_long=yes
ac_cv_header_byteswap_h=yes
ac_cv_header_cpuid_h=yes
ac_cv_header_dlfcn_h=yes
ac_cv_header_inttypes_h=yes
ac_cv_header_memory_h=yes
ac_cv_header_minix_config_h=no
ac_cv_header_stdc=yes
ac_cv_header_stdint_h=yes
ac_cv_header_stdlib_h=yes
ac_cv_header_string_h=yes
ac_cv_header_strings_h=yes
ac_cv_header_sys_ioctl_h=yes
ac_cv_header_sys_param_h=yes
ac_cv_header_sys_stat_h=yes
ac_cv_header_sys_types_h=yes
ac_cv_header_termios_h=yes
ac_cv_header_unistd_h=yes
ac_cv_header_x86intrin_h=yes
ac_cv_host=x86_64-pc-linux-gnu
ac_cv_lib_rt_clock_gettime=yes
ac_cv_objext=o
ac_cv_path_EGREP='/usr/bin/grep -E'
ac_cv_path_FGREP='/usr/bin/grep -F'
ac_cv_path_GREP=/usr/bin/grep
ac_cv_path_SED=/usr/bin/sed
ac_cv_path_lt_DD=/usr/bin/dd
ac_cv_path_mkdir=/usr/bin/mkdir
ac_cv_prog_AWK=mawk
ac_cv_prog_CPP='gcc -E'
ac_cv_prog_CXXCPP='g++ -E'
ac_cv_prog_NASM=nasm
ac_cv_prog_ac_ct_AR=ar
ac_cv_prog_ac_ct_CC=gcc
ac_cv_prog_ac_ct_CXX=g++
ac_cv_prog_ac_ct_MANIFEST_TOOL=mt
ac_cv_prog_ac_ct_OBJDUMP=objdump
ac_cv_prog_ac_ct_RANLIB=ranlib
ac_cv_prog_ac_ct_STRIP=strip
ac_cv_prog_cc_c89=
ac_cv_prog_cc_c99=
ac_cv_prog_cc_g=yes
ac_cv_prog_cc_stdc=
ac_cv_prog_cxx_g=yes
ac_cv_prog_make_make_set=yes
ac_cv_safe_to_define___extensions__=yes
ac_cv_search_lround=-lm
ac_cv_sizeof_off_t=8
ac_cv_sizeof_voidp=8
ac_cv_sys_file_offset_bits=no
ac_cv_sys_largefile_CC=no
ac_cv_sys_largefile_source=no
ac_cv_type_socklen_t=yes
acl_cv_path_LD='/usr/bin/ld -m elf_x86_64'
acl_cv_prog_gnu_ld=yes
acl_cv_rpath=done
am_cv_CCAS_dependencies_compiler_type=gcc3
am_cv_CC_dependencies_compiler_type=gcc3
am_cv_CXX_dependencies_compiler_type=gcc3
am_cv_ar_interface=ar
am_cv_func_iconv=yes
am_cv_func_iconv_works=yes
am_cv_langinfo_codeset=yes
am_cv_lib_iconv=no
am_cv_make_support_nested_variables=yes
am_cv_prog_cc_c_o=yes
am_cv_prog_tar_pax=gnutar
am_cv_proto_iconv='extern size_t iconv (iconv_t cd, char * *inbuf, size_t *inbytesleft, char * *outbuf, size_t *outbytesleft);'
am_cv_proto_iconv_arg1=
lt_cv_ar_at_file=@
lt_cv_deplibs_check_method=pass_all
lt_cv_file_magic_cmd='$MAGIC_CMD'
lt_cv_file_magic_test_file=
lt_cv_ld_reload_flag=-r
lt_cv_nm_interface='BSD nm'
lt_cv_objdir=.libs
lt_cv_path_LD=/usr/bin/ld
lt_cv_path_LDCXX='/usr/bin/ld -m elf_x86_64'
lt_cv_path_NM='/usr/bin/nm -B'
lt_cv_path_mainfest_tool=no
lt_cv_prog_compiler_c_o=yes
lt_cv_prog_compiler_c_o_CXX=yes
lt_cv_prog_compiler_pic='-fPIC -DPIC'
lt_cv_prog_compiler_pic_CXX='-fPIC -DPIC'
lt_cv_prog_compiler_pic_works=yes
lt_cv_prog_compiler_pic_works_CXX=yes
lt_cv_prog_compiler_rtti_exceptions=no
lt_cv_prog_compiler_static_works=yes
lt_cv_prog_compiler_static_works_CXX=yes
lt_cv_prog_gnu_ld=yes
lt_cv_prog_gnu_ldcxx=yes
lt_cv_sharedlib_from_linklib_cmd='printf %s\n'
lt_cv_shlibpath_overrides_runpath=yes
lt_cv_sys_global_symbol_pipe='sed -n -e '\''s/^.*[	 ]\([ABCDGIRSTW][ABCDGIRSTW]*\)[	 ][	 ]*\([_A-Za-z][_A-Za-z0-9]*\)$/\1 \2 \2/p'\'' | sed '\''/ __gnu_lto/d'\'''
lt_cv_sys_global_symbol_to_c_name_address='sed -n -e '\''s/^: \(.*\) .*$/  {"\1", (void *) 0},/p'\'' -e '\''s/^[ABCDGIRSTW][ABCDGIRSTW]* .* \(.*\)$/  {"\1", (void *) \&\1},/p'\'''
lt_cv_sys_global_symbol_to_c_name_address_lib_prefix='sed -n -e '\''s/^: \(.*\) .*$/  {"\1", (void *) 0},/p'\'' -e '\''s/^[ABCDGIRSTW][ABCDGIRSTW]* .* \(lib.*\)$/  {"\1", (void *) \&\1},/p'\'' -e '\''s/^[ABCDGIRSTW][ABCDGIRSTW]* .* \(.*\)$/  {"lib\1", (void *) \&\1},/p'\'''
lt_cv_sys_global_symbol_to_cdecl='sed -n -e '\''s/^T .* \(.*\)$/extern int \1();/p'\'' -e '\''s/^[ABCDGIRSTW][ABCDGIRSTW]* .* \(.*\)$/extern char \1;/p'\'''
lt_cv_sys_global_symbol_to_import=
lt_cv_sys_max_cmd_len=1572864
lt_cv_to_host_file_cmd=func_convert_file_noop
lt_cv_to_tool_file_cmd=func_convert_file_noop
lt_cv_truncate_bin='/usr/bin/dd bs=4096 count=1'
xiph_cv_c_compiler_clang=no

## ----------------- ##
## Output variables. ##
## ----------------- ##

ACLOCAL='${SHELL} /home/fab/Dev/dvda-author2/flac-1.3.2/missing aclocal-1.15'
AMDEPBACKSLASH='\'
AMDEP_FALSE='#'
AMDEP_TRUE=''
AMTAR='$${TAR-tar}'
AM_BACKSLASH='\'
AM_DEFAULT_V='$(AM_DEFAULT_VERBOSITY)'
AM_DEFAULT_VERBOSITY='0'
AM_V='$(V)'
AR='ar'
AS='as'
AUTOCONF='${SHELL} /home/fab/Dev/dvda-author2/flac-1.3.2/missing autoconf'
AUTOHEADER='${SHELL} /home/fab/Dev/dvda-author2/flac-1.3.2/missing autoheader'
AUTOMAKE='${SHELL} /home/fab/Dev/dvda-author2/flac-1.3.2/missing automake-1.15'
AWK='mawk'
CC='gcc'
CCAS='gcc'
CCASDEPMODE='depmode=gcc3'
CCASFLAGS=''
CCDEPMODE='depmode=gcc3'
CFLAGS='-O3 -funroll-loops  -Wall -Wextra -Wstrict-prototypes -Wmissing-prototypes -Waggregate-return -Wcast-align -Wnested-externs -Wshadow -Wundef -Wmissing-declarations -Winline  -Wdeclaration-after-statement -D_FORTIFY_SOURCE=2 -fvisibility=hidden -msse2'
CPP='gcc -E'
CPPFLAGS='-DNDEBUG -I/home/fab/Dev/dvda-author2/local/include -DFLAC__USE_VISIBILITY_ATTR'
CXX='g++'
CXXCPP='g++ -E'
CXXDEPMODE='depmode=gcc3'
CXXFLAGS='-fPIC -Wall -Wextra -Wcast-align -Wshadow -Wwrite-strings -Wctor-dtor-privacy -Wnon-virtual-dtor -Wreorder -Wsign-promo -Wundef  -Weffc++ -fvisibility=hidden'
CYGPATH_W='echo'
DEBUG_FALSE=''
DEBUG_TRUE='#'
DEFS='-DHAVE_CONFIG_H'
DEPDIR='.deps'
DLLTOOL='false'
DOCBOOK_TO_MAN=''
DOXYGEN=''
DSYMUTIL=''
DUMPBIN=''
ECHO_C=''
ECHO_N='-n'
ECHO_T=''
EGREP='/usr/bin/grep -E'
ENABLE_64_BIT_WORDS=''
EXEEXT=''
FGREP='/usr/bin/grep -F'
FLAC__CPU_X86_64_FALSE='#'
FLAC__CPU_X86_64_TRUE=''
FLAC__HAS_OGG='1'
FLAC__TEST_LEVEL='0'
FLAC__TEST_WITH_VALGRIND='no'
FLaC__CPU_IA32_FALSE=''
FLaC__CPU_IA32_TRUE='#'
FLaC__CPU_PPC_FALSE=''
FLaC__CPU_PPC_SPE_FALSE=''
FLaC__CPU_PPC_SPE_TRUE='#'
FLaC__CPU_PPC_TRUE='#'
FLaC__CPU_SPARC_FALSE=''
FLaC__CPU_SPARC_TRUE='#'
FLaC__HAS_DOCBOOK_TO_MAN_FALSE=''
FLaC__HAS_DOCBOOK_TO_MAN_TRUE='#'
FLaC__HAS_DOXYGEN_FALSE=''
FLaC__HAS_DOXYGEN_TRUE='#'
FLaC__HAS_NASM_FALSE='#'
FLaC__HAS_NASM_TRUE=''
FLaC__HAS_OGG_FALSE='#'
FLaC__HAS_OGG_TRUE=''
FLaC__HAS_XMMS_FALSE=''
FLaC__HAS_XMMS_TRUE='#'
FLaC__INSTALL_XMMS_PLUGIN_LOCALLY_FALSE=''
FLaC__INSTALL_XMMS_PLUGIN_LOCALLY_TRUE='#'
FLaC__NO_ASM_FALSE=''
FLaC__NO_ASM_TRUE='#'
FLaC__SYS_DARWIN_FALSE=''
FLaC__SYS_DARWIN_TRUE='#'
FLaC__SYS_LINUX_FALSE='#'
FLaC__SYS_LINUX_TRUE=''
FLaC__USE_ALTIVEC_FALSE='#'
FLaC__USE_ALTIVEC_TRUE=''
FLaC__USE_AVX_FALSE='#'
FLaC__USE_AVX_TRUE=''
FLaC__WITH_CPPLIBS_FALSE='#'
FLaC__WITH_CPPLIBS_TRUE=''
GCC_MAJOR_VERSION='9'
GCC_MINOR_VERSION='9'
GCC_VERSION='9'
GREP='/usr/bin/grep'
INSTALL_DATA='/bin/sh /home/fab/Dev/dvda-author2/config/install-sh  -m 644'
INSTALL_PROGRAM='${INSTALL}'
INSTALL_SCRIPT='${INSTALL}'
INSTALL_STRIP_PROGRAM='$(install_sh) -c -s'
LD='/usr/bin/ld -m elf_x86_64'
LDFLAGS=''
LIBICONV=''
LIBOBJS=''
LIBS='-lm '
LIBTOOL='$(SHELL) $(top_builddir)/libtool'
LIB_CLOCK_GETTIME='-lrt'
LIPO=''
LN_S='ln -s'
LTLIBICONV=''
LTLIBOBJS=''
LT_SYS_LIBRARY_PATH=''
MAKEINFO='${SHELL} /home/fab/Dev/dvda-author2/flac-1.3.2/missing makeinfo'
MANIFEST_TOOL=':'
MKDIR_P='/usr/bin/mkdir -p'
NASM='nasm'
NM='/usr/bin/nm -B'
NMEDIT=''
OBJDUMP='objdump'
OBJEXT='o'
OBJ_FORMAT='elf'
OGG_CFLAGS='-I/home/fab/Dev/dvda-author2/local/include/ogg'
OGG_LIBS='-L/home/fab/Dev/dvda-author2/local/lib -logg'
OGG_PACKAGE='ogg'
OS_IS_WINDOWS_FALSE=''
OS_IS_WINDOWS_TRUE='#'
OTOOL64=''
OTOOL=''
PACKAGE='flac'
PACKAGE_BUGREPORT='flac-dev@xiph.org'
PACKAGE_NAME='flac'
PACKAGE_STRING='flac 1.3.2'
PACKAGE_TARNAME='flac'
PACKAGE_URL='https://www.xiph.org/flac/'
PACKAGE_VERSION='1.3.2'
PATH_SEPARATOR=':'
RANLIB='ranlib'
SED='/usr/bin/sed'
SET_MAKE=''
SHELL='/bin/bash'
STRIP='strip'
VERSION='1.3.2'
XMMS_CFLAGS=''
XMMS_CONFIG=''
XMMS_DATA_DIR=''
XMMS_EFFECT_PLUGIN_DIR=''
XMMS_GENERAL_PLUGIN_DIR=''
XMMS_INPUT_PLUGIN_DIR=''
XMMS_LIBS=''
XMMS_OUTPUT_PLUGIN_DIR=''
XMMS_PLUGIN_DIR=''
XMMS_VERSION=''
XMMS_VISUALIZATION_PLUGIN_DIR=''
ac_ct_AR='ar'
ac_ct_CC='gcc'
ac_ct_CXX='g++'
ac_ct_DUMPBIN=''
am__EXEEXT_FALSE=''
am__EXEEXT_TRUE='#'
am__fastdepCCAS_FALSE='#'
am__fastdepCCAS_TRUE=''
am__fastdepCC_FALSE='#'
am__fastdepCC_TRUE=''
am__fastdepCXX_FALSE='#'
am__fastdepCXX_TRUE=''
am__include='include'
am__isrc=''
am__leading_dot='.'
am__nodep='_no'
am__quote=''
am__tar='tar --format=posix -chf - "$$tardir"'
am__untar='tar -xf -'
bindir='${exec_prefix}/bin'
build='x86_64-pc-linux-gnu'
build_alias=''
build_cpu='x86_64'
build_os='linux-gnu'
build_vendor='pc'
datadir='${datarootdir}'
datarootdir='${prefix}/share'
docdir='${datarootdir}/doc/${PACKAGE_TARNAME}'
dvidir='${docdir}'
exec_prefix='${prefix}'
host='x86_64-pc-linux-gnu'
host_alias=''
host_cpu='x86_64'
host_os='linux-gnu'
host_vendor='pc'
htmldir='${docdir}'
includedir='${prefix}/include'
infodir='${datarootdir}/info'
install_sh='${SHELL} /home/fab/Dev/dvda-author2/flac-1.3.2/install-sh'
libdir='${exec_prefix}/lib'
libexecdir='${exec_prefix}/libexec'
localedir='${datarootdir}/locale'
localstatedir='${prefix}/var'
mandir='${datarootdir}/man'
mkdir_p='$(MKDIR_P)'
oldincludedir='/usr/include'
pdfdir='${docdir}'
prefix='/home/fab/Dev/dvda-author2/local'
program_transform_name='s,x,x,'
psdir='${docdir}'
runstatedir='${localstatedir}/run'
sbindir='${exec_prefix}/sbin'
sharedstatedir='${prefix}/com'
sysconfdir='${prefix}/etc'
target_alias=''

## ----------- ##
## confdefs.h. ##
## ----------- ##

/* confdefs.h */
#define PACKAGE_NAME "flac"
#define PACKAGE_TARNAME "flac"
#define PACKAGE_VERSION "1.3.2"
#define PACKAGE_STRING "flac 1.3.2"
#define PACKAGE_BUGREPORT "flac-dev@xiph.org"
#define PACKAGE_URL "https://www.xiph.org/flac/"
#define PACKAGE "flac"
#define VERSION "1.3.2"
#define STDC_HEADERS 1
#define HAVE_SYS_TYPES_H 1
#define HAVE_SYS_STAT_H 1
#define HAVE_STDLIB_H 1
#define HAVE_STRING_H 1
#define HAVE_MEMORY_H 1
#define HAVE_STRINGS_H 1
#define HAVE_INTTYPES_H 1
#define HAVE_STDINT_H 1
#define HAVE_UNISTD_H 1
#define __EXTENSIONS__ 1
#define _ALL_SOURCE 1
#define _GNU_SOURCE 1
#define _POSIX_PTHREAD_SEMANTICS 1
#define _TANDEM_SOURCE 1
#define HAVE_DLFCN_H 1
#define LT_OBJDIR ".libs/"
#define HAVE_FSEEKO 1
#define SIZEOF_OFF_T 8
#define SIZEOF_VOIDP 8
#define HAVE_LROUND 1
#define HAVE_C_VARARRAYS 1
#define HAVE_CXX_VARARRAYS 1
#define STDC_HEADERS 1
#define HAVE_C_VARARRAYS 1
#define HAVE_TYPEOF 1
#define HAVE_STDINT_H 1
#define HAVE_INTTYPES_H 1
#define HAVE_BYTESWAP_H 1
#define HAVE_SYS_PARAM_H 1
#define HAVE_SYS_IOCTL_H 1
#define HAVE_TERMIOS_H 1
#define HAVE_X86INTRIN_H 1
#define HAVE_CPUID_H 1
#define HAVE_BSWAP32 1
#define HAVE_BSWAP16 1
#define CPU_IS_BIG_ENDIAN 0
#define CPU_IS_LITTLE_ENDIAN 1
#define WORDS_BIGENDIAN 0
#define HAVE_SOCKLEN_T 1
#define HAVE_GETOPT_LONG 1
#define SIZEOF_VOIDP 8
#define FLAC__CPU_X86_64 1
#define FLAC__HAS_X86INTRIN 1
#define FLAC__SYS_LINUX 1
#define FLAC__ALIGN_MALLOC_DATA 1
#define FLAC__USE_ALTIVEC 1
#define FLAC__USE_AVX 1
#define ENABLE_64_BIT_WORDS 0
#define FLAC__HAS_OGG 1
#define HAVE_ICONV 1
#define ICONV_CONST 
#define HAVE_LANGINFO_CODESET 1
#define HAVE_CLOCK_GETTIME 1
#define FLAC__HAS_NASM 1

configure: exit 0
