This file contains any messages produced by compilers while
running configure, to aid debugging if configure makes a mistake.

It was created by GNU help2man configure 1.43.3, which was
generated by GNU Autoconf 2.69.  Invocation command line was

  $ ./configure --prefix=/home/fab/Dev/dvda-author/help2man-1.43.3/../local

## --------- ##
## Platform. ##
## --------- ##

hostname = fabpc
uname -m = x86_64
uname -r = 5.4.0-42-generic
uname -s = Linux
uname -v = #46-Ubuntu SMP Fri Jul 10 00:24:02 UTC 2020

/usr/bin/uname -p = x86_64
/bin/uname -X     = unknown

/bin/arch              = x86_64
/usr/bin/arch -k       = unknown
/usr/convex/getsysinfo = unknown
/usr/bin/hostinfo      = unknown
/bin/machine           = unknown
/usr/bin/oslevel       = unknown
/bin/universe          = unknown

PATH: /home/fab/bin
PATH: /usr/local/sbin
PATH: /usr/local/bin
PATH: /usr/sbin
PATH: /usr/bin
PATH: /sbin
PATH: /bin
PATH: /usr/games
PATH: /usr/local/games
PATH: /snap/bin


## ----------- ##
## Core tests. ##
## ----------- ##

configure:1795: checking for perl
configure:1804: ...version 5.008 required
configure:1813: trying perl
found version 5.03
configure:1818: result: perl
configure:1828: checking for module Locale::gettext
configure:1840: result: yes
configure:1845: checking for msgfmt
configure:1863: found /usr/bin/msgfmt
configure:1875: result: /usr/bin/msgfmt
configure:1932: checking for gcc
configure:1948: found /usr/bin/gcc
configure:1959: result: gcc
configure:2188: checking for C compiler version
configure:2197: gcc --version >&5
gcc (Ubuntu 9.3.0-10ubuntu2) 9.3.0
Copyright (C) 2019 Free Software Foundation, Inc.
This is free software; see the source for copying conditions.  There is NO
warranty; not even for MERCHANTABILITY or FITNESS FOR A PARTICULAR PURPOSE.

configure:2208: $? = 0
configure:2197: gcc -v >&5
Using built-in specs.
COLLECT_GCC=gcc
COLLECT_LTO_WRAPPER=/usr/lib/gcc/x86_64-linux-gnu/9/lto-wrapper
OFFLOAD_TARGET_NAMES=nvptx-none:hsa
OFFLOAD_TARGET_DEFAULT=1
Target: x86_64-linux-gnu
Configured with: ../src/configure -v --with-pkgversion='Ubuntu 9.3.0-10ubuntu2' --with-bugurl=file:///usr/share/doc/gcc-9/README.Bugs --enable-languages=c,ada,c++,go,brig,d,fortran,objc,obj-c++,gm2 --prefix=/usr --with-gcc-major-version-only --program-suffix=-9 --program-prefix=x86_64-linux-gnu- --enable-shared --enable-linker-build-id --libexecdir=/usr/lib --without-included-gettext --enable-threads=posix --libdir=/usr/lib --enable-nls --enable-clocale=gnu --enable-libstdcxx-debug --enable-libstdcxx-time=yes --with-default-libstdcxx-abi=new --enable-gnu-unique-object --disable-vtable-verify --enable-plugin --enable-default-pie --with-system-zlib --with-target-system-zlib=auto --enable-objc-gc=auto --enable-multiarch --disable-werror --with-arch-32=i686 --with-abi=m64 --with-multilib-list=m32,m64,mx32 --enable-multilib --with-tune=generic --enable-offload-targets=nvptx-none,hsa --without-cuda-driver --enable-checking=release --build=x86_64-linux-gnu --host=x86_64-linux-gnu --target=x86_64-linux-gnu
Thread model: posix
gcc version 9.3.0 (Ubuntu 9.3.0-10ubuntu2) 
configure:2208: $? = 0
configure:2197: gcc -V >&5
gcc: error: unrecognized command line option '-V'
gcc: fatal error: no input files
compilation terminated.
configure:2208: $? = 1
configure:2197: gcc -qversion >&5
gcc: error: unrecognized command line option '-qversion'; did you mean '--version'?
gcc: fatal error: no input files
compilation terminated.
configure:2208: $? = 1
configure:2228: checking whether the C compiler works
configure:2250: gcc    conftest.c  >&5
configure:2254: $? = 0
configure:2302: result: yes
configure:2305: checking for C compiler default output file name
configure:2307: result: a.out
configure:2313: checking for suffix of executables
configure:2320: gcc -o conftest    conftest.c  >&5
configure:2324: $? = 0
configure:2346: result: 
configure:2368: checking whether we are cross compiling
configure:2376: gcc -o conftest    conftest.c  >&5
configure:2380: $? = 0
configure:2387: ./conftest
configure:2391: $? = 0
configure:2379: result: no
configure:2384: checking for suffix of object files
configure:2406: gcc -c   conftest.c >&5
configure:2410: $? = 0
configure:2431: result: o
configure:2435: checking whether we are using the GNU C compiler
configure:2454: gcc -c   conftest.c >&5
configure:2454: $? = 0
configure:2463: result: yes
configure:2472: checking whether gcc accepts -g
configure:2492: gcc -c -g  conftest.c >&5
configure:2492: $? = 0
configure:2533: result: yes
configure:2550: checking for gcc option to accept ISO C89
configure:2613: gcc  -c -g -O2  conftest.c >&5
configure:2613: $? = 0
configure:2626: result: none needed
configure:2647: checking for library containing dlsym
configure:2678: gcc -o conftest -g -O2   conftest.c  >&5
/usr/bin/ld: /tmp/ccysjba2.o: in function `main':
/home/fab/Dev/dvda-author/help2man-1.43.3/conftest.c:20: undefined reference to `dlsym'
collect2: error: ld returned 1 exit status
configure:2678: $? = 1
configure: failed program was:
| /* confdefs.h */
| #define PACKAGE_NAME "GNU help2man"
| #define PACKAGE_TARNAME "help2man"
| #define PACKAGE_VERSION "1.43.3"
| #define PACKAGE_STRING "GNU help2man 1.43.3"
| #define PACKAGE_BUGREPORT "bug-help2man@gnu.org"
| #define PACKAGE_URL "http://www.gnu.org/software/help2man/"
| /* end confdefs.h.  */
| 
| /* Override any GCC internal prototype to avoid an error.
|    Use char because int might match the return type of a GCC
|    builtin and then its argument prototype would still apply.  */
| #ifdef __cplusplus
| extern "C"
| #endif
| char dlsym ();
| int
| main ()
| {
| return dlsym ();
|   ;
|   return 0;
| }
configure:2678: gcc -o conftest -g -O2   conftest.c -ldl   >&5
configure:2678: $? = 0
configure:2695: result: -ldl
configure:2703: checking for library containing bindtextdomain
configure:2734: gcc -o conftest -g -O2   conftest.c -ldl  >&5
configure:2734: $? = 0
configure:2751: result: none required
configure:2842: checking for a BSD-compatible install
configure:2910: result: /usr/bin/install -c
configure:2923: checking for makeinfo
configure:2941: found /usr/bin/makeinfo
configure:2954: result: /usr/bin/makeinfo
configure:2964: checking for install-info
configure:2982: found /usr/bin/install-info
configure:2995: result: /usr/bin/install-info
configure:3148: creating ./config.status

## ---------------------- ##
## Running config.status. ##
## ---------------------- ##

This file was extended by GNU help2man config.status 1.43.3, which was
generated by GNU Autoconf 2.69.  Invocation command line was

  CONFIG_FILES    = 
  CONFIG_HEADERS  = 
  CONFIG_LINKS    = 
  CONFIG_COMMANDS = 
  $ ./config.status 

on fabpc

config.status:728: creating Makefile

## ---------------- ##
## Cache variables. ##
## ---------------- ##

ac_cv_c_compiler_gnu=yes
ac_cv_enable_nls=yes
ac_cv_env_CC_set=
ac_cv_env_CC_value=
ac_cv_env_CFLAGS_set=
ac_cv_env_CFLAGS_value=
ac_cv_env_CPPFLAGS_set=
ac_cv_env_CPPFLAGS_value=
ac_cv_env_LDFLAGS_set=
ac_cv_env_LDFLAGS_value=
ac_cv_env_LIBS_set=
ac_cv_env_LIBS_value=
ac_cv_env_build_alias_set=
ac_cv_env_build_alias_value=
ac_cv_env_host_alias_set=
ac_cv_env_host_alias_value=
ac_cv_env_target_alias_set=
ac_cv_env_target_alias_value=
ac_cv_module_Locale__gettext=yes
ac_cv_objext=o
ac_cv_path_INSTALL_INFO=/usr/bin/install-info
ac_cv_path_MAKEINFO=/usr/bin/makeinfo
ac_cv_path_MSGFMT=/usr/bin/msgfmt
ac_cv_path_install='/usr/bin/install -c'
ac_cv_prog_PERL=perl
ac_cv_prog_ac_ct_CC=gcc
ac_cv_prog_cc_c89=
ac_cv_prog_cc_g=yes
ac_cv_search_bindtextdomain='none required'
ac_cv_search_dlsym=-ldl

## ----------------- ##
## Output variables. ##
## ----------------- ##

CC='gcc'
CFLAGS='-g -O2'
CPPFLAGS=''
DEFS='-DPACKAGE_NAME=\"GNU\ help2man\" -DPACKAGE_TARNAME=\"help2man\" -DPACKAGE_VERSION=\"1.43.3\" -DPACKAGE_STRING=\"GNU\ help2man\ 1.43.3\" -DPACKAGE_BUGREPORT=\"bug-help2man@gnu.org\" -DPACKAGE_URL=\"http://www.gnu.org/software/help2man/\"'
ECHO_C=''
ECHO_N='-n'
ECHO_T=''
EXEEXT=''
INSTALL_DATA='${INSTALL} -m 644'
INSTALL_INFO='/usr/bin/install-info'
INSTALL_PROGRAM='${INSTALL}'
INSTALL_SCRIPT='${INSTALL}'
LDFLAGS=''
LIBOBJS=''
LIBS='-ldl '
LTLIBOBJS=''
MAKEINFO='/usr/bin/makeinfo'
MSGFMT='/usr/bin/msgfmt'
OBJEXT='o'
PACKAGE_BUGREPORT='bug-help2man@gnu.org'
PACKAGE_NAME='GNU help2man'
PACKAGE_STRING='GNU help2man 1.43.3'
PACKAGE_TARNAME='help2man'
PACKAGE_URL='http://www.gnu.org/software/help2man/'
PACKAGE_VERSION='1.43.3'
PATH_SEPARATOR=':'
PERL='perl'
SHELL='/bin/bash'
ac_ct_CC='gcc'
bindir='${exec_prefix}/bin'
build_alias=''
datadir='${datarootdir}'
datarootdir='${prefix}/share'
docdir='${datarootdir}/doc/${PACKAGE_TARNAME}'
dvidir='${docdir}'
exec_prefix='${prefix}'
extra_extract_args='--with-gettext'
extra_make_all='preload man_l10n'
extra_make_install='install_preload install_l10n'
host_alias=''
htmldir='${docdir}'
includedir='${prefix}/include'
infodir='${datarootdir}/info'
libdir='${exec_prefix}/lib'
libexecdir='${exec_prefix}/libexec'
localedir='${datarootdir}/locale'
localstatedir='${prefix}/var'
mandir='${datarootdir}/man'
oldincludedir='/usr/include'
pdfdir='${docdir}'
prefix='/home/fab/Dev/dvda-author/help2man-1.43.3/../local'
program_transform_name='s,x,x,'
psdir='${docdir}'
sbindir='${exec_prefix}/sbin'
sharedstatedir='${prefix}/com'
sysconfdir='${prefix}/etc'
target_alias=''

## ----------- ##
## confdefs.h. ##
## ----------- ##

/* confdefs.h */
#define PACKAGE_NAME "GNU help2man"
#define PACKAGE_TARNAME "help2man"
#define PACKAGE_VERSION "1.43.3"
#define PACKAGE_STRING "GNU help2man 1.43.3"
#define PACKAGE_BUGREPORT "bug-help2man@gnu.org"
#define PACKAGE_URL "http://www.gnu.org/software/help2man/"

configure: exit 0
