This file contains any messages produced by compilers while
running configure, to aid debugging if configure makes a mistake.

It was created by DVDAuthor configure 0.7.1-patched, which was
generated by GNU Autoconf 2.69.  Invocation command line was

  $ ./configure --prefix=/cygdrive/c/Users/fabrn/dvda-author/dvdauthor/../local

## --------- ##
## Platform. ##
## --------- ##

hostname = DESKTOP-SU3DHIN
uname -m = x86_64
uname -r = 3.1.7(0.340/5/3)
uname -s = CYGWIN_NT-10.0
uname -v = 2020-08-22 17:48

/usr/bin/uname -p = unknown
/bin/uname -X     = unknown

/bin/arch              = x86_64
/usr/bin/arch -k       = unknown
/usr/convex/getsysinfo = unknown
/usr/bin/hostinfo      = unknown
/bin/machine           = unknown
/usr/bin/oslevel       = unknown
/bin/universe          = unknown

PATH: /cygdrive/c/Users/fabrn/dvda-author/local/bin
PATH: /usr/local/bin
PATH: /usr/bin
PATH: /cygdrive/c/Windows/System32
PATH: /cygdrive/c/Windows
PATH: /cygdrive/c/Windows/System32/wbem
PATH: /cygdrive/c/Windows/System32/WindowsPowerShell/v1.0
PATH: /cygdrive/c/Windows/System32/OpenSSH
PATH: /cygdrive/c/Program Files (x86)/Common Files/Acronis/VirtualFile
PATH: /cygdrive/c/Program Files (x86)/Common Files/Acronis/VirtualFile64
PATH: /cygdrive/c/Program Files (x86)/Common Files/Acronis/FileProtector
PATH: /cygdrive/c/Program Files (x86)/Common Files/Acronis/FileProtector64
PATH: /cygdrive/c/Program Files (x86)/Common Files/Acronis/SnapAPI
PATH: /cygdrive/c/Program Files (x86)/GnuPG/bin
PATH: /cygdrive/c/Program Files/Oracle/VirtualBox
PATH: /cygdrive/c/Program Files (x86)/Calibre2
PATH: /cygdrive/c/Users/fabrn/AppData/Local/Microsoft/WindowsApps
PATH: /cygdrive/c/Program Files/R/R-4.0.2/bin
PATH: /cygdrive/c/Program Files/R/R-4.0.2/bin/x64
PATH: /cygdrive/c/Program Files/Oracle/VirtualBox
PATH: /cygdrive/c/Users/fabrn/AppData/Local/Pandoc
PATH: /usr/lib/lapack
PATH: /cygdrive/c/Users/fabrn/dvda-author/local/bin


## ----------- ##
## Core tests. ##
## ----------- ##

configure:2390: checking for a BSD-compatible install
configure:2458: result: /usr/bin/install -c
configure:2469: checking whether build environment is sane
configure:2519: result: yes
configure:2660: checking for a thread-safe mkdir -p
configure:2699: result: /usr/bin/mkdir -p
configure:2712: checking for gawk
configure:2728: found /usr/bin/gawk
configure:2739: result: gawk
configure:2750: checking whether make sets $(MAKE)
configure:2772: result: yes
configure:2867: checking for style of include used by make
configure:2895: result: GNU
configure:2966: checking for gcc
configure:2982: found /usr/bin/gcc
configure:2993: result: gcc
configure:3222: checking for C compiler version
configure:3231: gcc --version >&5
gcc (GCC) 10.2.0
Copyright (C) 2020 Free Software Foundation, Inc.
This is free software; see the source for copying conditions.  There is NO
warranty; not even for MERCHANTABILITY or FITNESS FOR A PARTICULAR PURPOSE.

configure:3242: $? = 0
configure:3231: gcc -v >&5
Using built-in specs.
COLLECT_GCC=gcc
COLLECT_LTO_WRAPPER=/usr/lib/gcc/x86_64-pc-cygwin/10/lto-wrapper.exe
Target: x86_64-pc-cygwin
Configured with: /mnt/share/cygpkgs/gcc/gcc.x86_64/src/gcc-10.2.0/configure --srcdir=/mnt/share/cygpkgs/gcc/gcc.x86_64/src/gcc-10.2.0 --prefix=/usr --exec-prefix=/usr --localstatedir=/var --sysconfdir=/etc --docdir=/usr/share/doc/gcc --htmldir=/usr/share/doc/gcc/html -C --build=x86_64-pc-cygwin --host=x86_64-pc-cygwin --target=x86_64-pc-cygwin --without-libiconv-prefix --without-libintl-prefix --libexecdir=/usr/lib --with-gcc-major-version-only --enable-shared --enable-shared-libgcc --enable-static --enable-version-specific-runtime-libs --enable-bootstrap --enable-__cxa_atexit --with-dwarf2 --with-tune=generic --enable-languages=c,c++,fortran,lto,objc,obj-c++ --enable-graphite --enable-threads=posix --enable-libatomic --enable-libgomp --enable-libquadmath --enable-libquadmath-support --disable-libssp --enable-libada --disable-symvers --with-gnu-ld --with-gnu-as --with-cloog-include=/usr/include/cloog-isl --without-libiconv-prefix --without-libintl-prefix --with-system-zlib --enable-linker-build-id --with-default-libstdcxx-abi=gcc4-compatible --enable-libstdcxx-filesystem-ts
Thread model: posix
Supported LTO compression algorithms: zlib zstd
gcc version 10.2.0 (GCC) 
configure:3242: $? = 0
configure:3231: gcc -V >&5
gcc: error: unrecognized command-line option '-V'
gcc: fatal error: no input files
compilation terminated.
configure:3242: $? = 1
configure:3231: gcc -qversion >&5
gcc: error: unrecognized command-line option '-qversion'; did you mean '--version'?
gcc: fatal error: no input files
compilation terminated.
configure:3242: $? = 1
configure:3262: checking whether the C compiler works
configure:3284: gcc    conftest.c  >&5
configure:3288: $? = 0
configure:3336: result: yes
configure:3339: checking for C compiler default output file name
configure:3341: result: a.exe
configure:3347: checking for suffix of executables
configure:3354: gcc -o conftest.exe    conftest.c  >&5
configure:3358: $? = 0
configure:3380: result: .exe
configure:3402: checking whether we are cross compiling
configure:3410: gcc -o conftest.exe    conftest.c  >&5
configure:3414: $? = 0
configure:3421: ./conftest.exe
configure:3425: $? = 0
configure:3440: result: no
configure:3445: checking for suffix of object files
configure:3467: gcc -c   conftest.c >&5
configure:3471: $? = 0
configure:3492: result: o
configure:3496: checking whether we are using the GNU C compiler
configure:3515: gcc -c   conftest.c >&5
configure:3515: $? = 0
configure:3524: result: yes
configure:3533: checking whether gcc accepts -g
configure:3553: gcc -c -g  conftest.c >&5
configure:3553: $? = 0
configure:3594: result: yes
configure:3611: checking for gcc option to accept ISO C89
configure:3674: gcc  -c -g -O2  conftest.c >&5
configure:3674: $? = 0
configure:3687: result: none needed
configure:3709: checking dependency style of gcc
configure:3820: result: gcc3
configure:3843: checking for special C compiler options needed for large files
configure:3888: result: no
configure:3894: checking for _FILE_OFFSET_BITS value needed for large files
configure:3919: gcc -c -g -O2  conftest.c >&5
configure:3919: $? = 0
configure:3951: result: no
configure:4042: checking how to run the C preprocessor
configure:4073: gcc -E  conftest.c
configure:4073: $? = 0
configure:4087: gcc -E  conftest.c
conftest.c:11:10: fatal error: ac_nonexistent.h: No such file or directory
   11 | #include <ac_nonexistent.h>
      |          ^~~~~~~~~~~~~~~~~~
compilation terminated.
configure:4087: $? = 1
configure: failed program was:
| /* confdefs.h */
| #define PACKAGE_NAME "DVDAuthor"
| #define PACKAGE_TARNAME "dvdauthor"
| #define PACKAGE_VERSION "0.7.1-patched"
| #define PACKAGE_STRING "DVDAuthor 0.7.1-patched"
| #define PACKAGE_BUGREPORT "dvdauthor-users@lists.sourceforge.net"
| #define PACKAGE_URL ""
| #define PACKAGE "dvdauthor"
| #define VERSION "0.7.1-patched"
| /* end confdefs.h.  */
| #include <ac_nonexistent.h>
configure:4112: result: gcc -E
configure:4132: gcc -E  conftest.c
configure:4132: $? = 0
configure:4146: gcc -E  conftest.c
conftest.c:11:10: fatal error: ac_nonexistent.h: No such file or directory
   11 | #include <ac_nonexistent.h>
      |          ^~~~~~~~~~~~~~~~~~
compilation terminated.
configure:4146: $? = 1
configure: failed program was:
| /* confdefs.h */
| #define PACKAGE_NAME "DVDAuthor"
| #define PACKAGE_TARNAME "dvdauthor"
| #define PACKAGE_VERSION "0.7.1-patched"
| #define PACKAGE_STRING "DVDAuthor 0.7.1-patched"
| #define PACKAGE_BUGREPORT "dvdauthor-users@lists.sourceforge.net"
| #define PACKAGE_URL ""
| #define PACKAGE "dvdauthor"
| #define VERSION "0.7.1-patched"
| /* end confdefs.h.  */
| #include <ac_nonexistent.h>
configure:4175: checking for grep that handles long lines and -e
configure:4233: result: /usr/bin/grep
configure:4238: checking for egrep
configure:4300: result: /usr/bin/grep -E
configure:4305: checking for ANSI C header files
configure:4325: gcc -c -g -O2  conftest.c >&5
configure:4325: $? = 0
configure:4398: gcc -o conftest.exe -g -O2   conftest.c  >&5
configure:4398: $? = 0
configure:4398: ./conftest.exe
configure:4398: $? = 0
configure:4409: result: yes
configure:4422: checking for sys/types.h
configure:4422: gcc -c -g -O2  conftest.c >&5
configure:4422: $? = 0
configure:4422: result: yes
configure:4422: checking for sys/stat.h
configure:4422: gcc -c -g -O2  conftest.c >&5
configure:4422: $? = 0
configure:4422: result: yes
configure:4422: checking for stdlib.h
configure:4422: gcc -c -g -O2  conftest.c >&5
configure:4422: $? = 0
configure:4422: result: yes
configure:4422: checking for string.h
configure:4422: gcc -c -g -O2  conftest.c >&5
configure:4422: $? = 0
configure:4422: result: yes
configure:4422: checking for memory.h
configure:4422: gcc -c -g -O2  conftest.c >&5
configure:4422: $? = 0
configure:4422: result: yes
configure:4422: checking for strings.h
configure:4422: gcc -c -g -O2  conftest.c >&5
configure:4422: $? = 0
configure:4422: result: yes
configure:4422: checking for inttypes.h
configure:4422: gcc -c -g -O2  conftest.c >&5
configure:4422: $? = 0
configure:4422: result: yes
configure:4422: checking for stdint.h
configure:4422: gcc -c -g -O2  conftest.c >&5
configure:4422: $? = 0
configure:4422: result: yes
configure:4422: checking for unistd.h
configure:4422: gcc -c -g -O2  conftest.c >&5
configure:4422: $? = 0
configure:4422: result: yes
configure:4434: checking for stdbool.h that conforms to C99
configure:4501: gcc -c -g -O2  conftest.c >&5
configure:4501: $? = 0
configure:4508: result: yes
configure:4510: checking for _Bool
configure:4510: gcc -c -g -O2  conftest.c >&5
configure:4510: $? = 0
configure:4510: gcc -c -g -O2  conftest.c >&5
conftest.c: In function 'main':
conftest.c:57:20: error: expected expression before ')' token
   57 | if (sizeof ((_Bool)))
      |                    ^
configure:4510: $? = 1
configure: failed program was:
| /* confdefs.h */
| #define PACKAGE_NAME "DVDAuthor"
| #define PACKAGE_TARNAME "dvdauthor"
| #define PACKAGE_VERSION "0.7.1-patched"
| #define PACKAGE_STRING "DVDAuthor 0.7.1-patched"
| #define PACKAGE_BUGREPORT "dvdauthor-users@lists.sourceforge.net"
| #define PACKAGE_URL ""
| #define PACKAGE "dvdauthor"
| #define VERSION "0.7.1-patched"
| #define STDC_HEADERS 1
| #define HAVE_SYS_TYPES_H 1
| #define HAVE_SYS_STAT_H 1
| #define HAVE_STDLIB_H 1
| #define HAVE_STRING_H 1
| #define HAVE_MEMORY_H 1
| #define HAVE_STRINGS_H 1
| #define HAVE_INTTYPES_H 1
| #define HAVE_STDINT_H 1
| #define HAVE_UNISTD_H 1
| /* end confdefs.h.  */
| #include <stdio.h>
| #ifdef HAVE_SYS_TYPES_H
| # include <sys/types.h>
| #endif
| #ifdef HAVE_SYS_STAT_H
| # include <sys/stat.h>
| #endif
| #ifdef STDC_HEADERS
| # include <stdlib.h>
| # include <stddef.h>
| #else
| # ifdef HAVE_STDLIB_H
| #  include <stdlib.h>
| # endif
| #endif
| #ifdef HAVE_STRING_H
| # if !defined STDC_HEADERS && defined HAVE_MEMORY_H
| #  include <memory.h>
| # endif
| # include <string.h>
| #endif
| #ifdef HAVE_STRINGS_H
| # include <strings.h>
| #endif
| #ifdef HAVE_INTTYPES_H
| # include <inttypes.h>
| #endif
| #ifdef HAVE_STDINT_H
| # include <stdint.h>
| #endif
| #ifdef HAVE_UNISTD_H
| # include <unistd.h>
| #endif
| int
| main ()
| {
| if (sizeof ((_Bool)))
| 	    return 0;
|   ;
|   return 0;
| }
configure:4510: result: yes
configure:4545: gcc -c -g -O2  conftest.c >&5
configure:4545: $? = 0
configure:4556: checking for DVDOpenFile in -ldvdread
configure:4581: gcc -o conftest.exe -g -O2   conftest.c -ldvdread   >&5
/usr/lib/gcc/x86_64-pc-cygwin/10/../../../../x86_64-pc-cygwin/bin/ld: cannot find -ldvdread
collect2: error: ld returned 1 exit status
configure:4581: $? = 1
configure: failed program was:
| /* confdefs.h */
| #define PACKAGE_NAME "DVDAuthor"
| #define PACKAGE_TARNAME "dvdauthor"
| #define PACKAGE_VERSION "0.7.1-patched"
| #define PACKAGE_STRING "DVDAuthor 0.7.1-patched"
| #define PACKAGE_BUGREPORT "dvdauthor-users@lists.sourceforge.net"
| #define PACKAGE_URL ""
| #define PACKAGE "dvdauthor"
| #define VERSION "0.7.1-patched"
| #define STDC_HEADERS 1
| #define HAVE_SYS_TYPES_H 1
| #define HAVE_SYS_STAT_H 1
| #define HAVE_STDLIB_H 1
| #define HAVE_STRING_H 1
| #define HAVE_MEMORY_H 1
| #define HAVE_STRINGS_H 1
| #define HAVE_INTTYPES_H 1
| #define HAVE_STDINT_H 1
| #define HAVE_UNISTD_H 1
| #define HAVE__BOOL 1
| #define HAVE_STDBOOL_H 1
| #define HAVE_NESTED_ROUTINES 1
| /* end confdefs.h.  */
| 
| /* Override any GCC internal prototype to avoid an error.
|    Use char because int might match the return type of a GCC
|    builtin and then its argument prototype would still apply.  */
| #ifdef __cplusplus
| extern "C"
| #endif
| char DVDOpenFile ();
| int
| main ()
| {
| return DVDOpenFile ();
|   ;
|   return 0;
| }
configure:4590: result: no
configure:4597: checking for getopt_long in -lgnugetopt
configure:4622: gcc -o conftest.exe -g -O2   conftest.c -lgnugetopt   >&5
/usr/lib/gcc/x86_64-pc-cygwin/10/../../../../x86_64-pc-cygwin/bin/ld: cannot find -lgnugetopt
collect2: error: ld returned 1 exit status
configure:4622: $? = 1
configure: failed program was:
| /* confdefs.h */
| #define PACKAGE_NAME "DVDAuthor"
| #define PACKAGE_TARNAME "dvdauthor"
| #define PACKAGE_VERSION "0.7.1-patched"
| #define PACKAGE_STRING "DVDAuthor 0.7.1-patched"
| #define PACKAGE_BUGREPORT "dvdauthor-users@lists.sourceforge.net"
| #define PACKAGE_URL ""
| #define PACKAGE "dvdauthor"
| #define VERSION "0.7.1-patched"
| #define STDC_HEADERS 1
| #define HAVE_SYS_TYPES_H 1
| #define HAVE_SYS_STAT_H 1
| #define HAVE_STDLIB_H 1
| #define HAVE_STRING_H 1
| #define HAVE_MEMORY_H 1
| #define HAVE_STRINGS_H 1
| #define HAVE_INTTYPES_H 1
| #define HAVE_STDINT_H 1
| #define HAVE_UNISTD_H 1
| #define HAVE__BOOL 1
| #define HAVE_STDBOOL_H 1
| #define HAVE_NESTED_ROUTINES 1
| /* end confdefs.h.  */
| 
| /* Override any GCC internal prototype to avoid an error.
|    Use char because int might match the return type of a GCC
|    builtin and then its argument prototype would still apply.  */
| #ifdef __cplusplus
| extern "C"
| #endif
| char getopt_long ();
| int
| main ()
| {
| return getopt_long ();
|   ;
|   return 0;
| }
configure:4631: result: no
configure:4649: checking getopt.h usability
configure:4649: gcc -c -g -O2  conftest.c >&5
configure:4649: $? = 0
configure:4649: result: yes
configure:4649: checking getopt.h presence
configure:4649: gcc -E  conftest.c
configure:4649: $? = 0
configure:4649: result: yes
configure:4649: checking for getopt.h
configure:4649: result: yes
configure:4649: checking io.h usability
configure:4649: gcc -c -g -O2  conftest.c >&5
configure:4649: $? = 0
configure:4649: result: yes
configure:4649: checking io.h presence
configure:4649: gcc -E  conftest.c
configure:4649: $? = 0
configure:4649: result: yes
configure:4649: checking for io.h
configure:4649: result: yes
configure:4667: checking for strndup
configure:4667: gcc -o conftest.exe -g -O2   conftest.c  >&5
conftest.c:49:6: warning: conflicting types for built-in function 'strndup'; expected 'char *(const char *, long unsigned int)' [-Wbuiltin-declaration-mismatch]
   49 | char strndup ();
      |      ^~~~~~~
configure:4667: $? = 0
configure:4667: result: yes
configure:4667: checking for getopt_long
configure:4667: gcc -o conftest.exe -g -O2   conftest.c  >&5
configure:4667: $? = 0
configure:4667: result: yes
configure:4667: checking for setmode
configure:4667: gcc -o conftest.exe -g -O2   conftest.c  >&5
/usr/lib/gcc/x86_64-pc-cygwin/10/../../../../x86_64-pc-cygwin/bin/ld: /tmp/cc24AQNR.o: in function `main':
/cygdrive/c/Users/fabrn/dvda-author/dvdauthor/conftest.c:62: undefined reference to `setmode'
/cygdrive/c/Users/fabrn/dvda-author/dvdauthor/conftest.c:62:(.text.startup+0xa): relocation truncated to fit: R_X86_64_PC32 against undefined symbol `setmode'
collect2: error: ld returned 1 exit status
configure:4667: $? = 1
configure: failed program was:
| /* confdefs.h */
| #define PACKAGE_NAME "DVDAuthor"
| #define PACKAGE_TARNAME "dvdauthor"
| #define PACKAGE_VERSION "0.7.1-patched"
| #define PACKAGE_STRING "DVDAuthor 0.7.1-patched"
| #define PACKAGE_BUGREPORT "dvdauthor-users@lists.sourceforge.net"
| #define PACKAGE_URL ""
| #define PACKAGE "dvdauthor"
| #define VERSION "0.7.1-patched"
| #define STDC_HEADERS 1
| #define HAVE_SYS_TYPES_H 1
| #define HAVE_SYS_STAT_H 1
| #define HAVE_STDLIB_H 1
| #define HAVE_STRING_H 1
| #define HAVE_MEMORY_H 1
| #define HAVE_STRINGS_H 1
| #define HAVE_INTTYPES_H 1
| #define HAVE_STDINT_H 1
| #define HAVE_UNISTD_H 1
| #define HAVE__BOOL 1
| #define HAVE_STDBOOL_H 1
| #define HAVE_NESTED_ROUTINES 1
| #define HAVE_GETOPT_H 1
| #define HAVE_IO_H 1
| #define HAVE_STRNDUP 1
| #define HAVE_GETOPT_LONG 1
| /* end confdefs.h.  */
| /* Define setmode to an innocuous variant, in case <limits.h> declares setmode.
|    For example, HP-UX 11i <limits.h> declares gettimeofday.  */
| #define setmode innocuous_setmode
| 
| /* System header to define __stub macros and hopefully few prototypes,
|     which can conflict with char setmode (); below.
|     Prefer <limits.h> to <assert.h> if __STDC__ is defined, since
|     <limits.h> exists even on freestanding compilers.  */
| 
| #ifdef __STDC__
| # include <limits.h>
| #else
| # include <assert.h>
| #endif
| 
| #undef setmode
| 
| /* Override any GCC internal prototype to avoid an error.
|    Use char because int might match the return type of a GCC
|    builtin and then its argument prototype would still apply.  */
| #ifdef __cplusplus
| extern "C"
| #endif
| char setmode ();
| /* The GNU C library defines this for functions which it implements
|     to always fail with ENOSYS.  Some functions are actually named
|     something starting with __ and the normal name is an alias.  */
| #if defined __stub_setmode || defined __stub___setmode
| choke me
| #endif
| 
| int
| main ()
| {
| return setmode ();
|   ;
|   return 0;
| }
configure:4667: result: no
configure:4731: checking for pkg-config
configure:4749: found /usr/bin/pkg-config
configure:4761: result: /usr/bin/pkg-config
configure:4786: checking pkg-config is at least version 0.9.0
configure:4789: result: yes
configure:4799: checking for LIBPNG
configure:4806: $PKG_CONFIG --exists --print-errors "libpng"
configure:4809: $? = 0
configure:4823: $PKG_CONFIG --exists --print-errors "libpng"
configure:4826: $? = 0
configure:4884: result: yes
configure:4897: checking for Magick-config
configure:4927: result: no
configure:4966: checking for GraphicsMagick-config
configure:4996: result: no
configure:5036: checking for FONTCONFIG
configure:5043: $PKG_CONFIG --exists --print-errors "fontconfig"
configure:5046: $? = 0
configure:5060: $PKG_CONFIG --exists --print-errors "fontconfig"
configure:5063: $? = 0
configure:5101: result: yes
configure:5112: checking for FRIBIDI
configure:5119: $PKG_CONFIG --exists --print-errors "fribidi"
Package fribidi was not found in the pkg-config search path.
Perhaps you should add the directory containing `fribidi.pc'
to the PKG_CONFIG_PATH environment variable
Package 'fribidi', required by 'virtual:world', not found
configure:5122: $? = 1
configure:5136: $PKG_CONFIG --exists --print-errors "fribidi"
Package fribidi was not found in the pkg-config search path.
Perhaps you should add the directory containing `fribidi.pc'
to the PKG_CONFIG_PATH environment variable
Package 'fribidi', required by 'virtual:world', not found
configure:5139: $? = 1
configure:5153: result: no
Package 'fribidi', required by 'virtual:world', not found
configure:5196: checking ft2build.h usability
configure:5196: gcc -c -g -O2  -I/usr/include/freetype2 -I/usr/include/libpng16  conftest.c >&5
configure:5196: $? = 0
configure:5196: result: yes
configure:5196: checking ft2build.h presence
configure:5196: gcc -E  -I/usr/include/freetype2 -I/usr/include/libpng16  conftest.c
configure:5196: $? = 0
configure:5196: result: yes
configure:5196: checking for ft2build.h
configure:5196: result: yes
configure:5248: error: missing libdvdread

## ---------------- ##
## Cache variables. ##
## ---------------- ##

ac_cv_c_compiler_gnu=yes
ac_cv_env_CC_set=
ac_cv_env_CC_value=
ac_cv_env_CFLAGS_set=
ac_cv_env_CFLAGS_value=
ac_cv_env_CPPFLAGS_set=
ac_cv_env_CPPFLAGS_value=
ac_cv_env_CPP_set=
ac_cv_env_CPP_value=
ac_cv_env_FONTCONFIG_CFLAGS_set=
ac_cv_env_FONTCONFIG_CFLAGS_value=
ac_cv_env_FONTCONFIG_LIBS_set=
ac_cv_env_FONTCONFIG_LIBS_value=
ac_cv_env_FRIBIDI_CFLAGS_set=
ac_cv_env_FRIBIDI_CFLAGS_value=
ac_cv_env_FRIBIDI_LIBS_set=
ac_cv_env_FRIBIDI_LIBS_value=
ac_cv_env_LDFLAGS_set=
ac_cv_env_LDFLAGS_value=
ac_cv_env_LIBPNG_CFLAGS_set=
ac_cv_env_LIBPNG_CFLAGS_value=
ac_cv_env_LIBPNG_LIBS_set=
ac_cv_env_LIBPNG_LIBS_value=
ac_cv_env_LIBS_set=
ac_cv_env_LIBS_value=
ac_cv_env_PKG_CONFIG_LIBDIR_set=
ac_cv_env_PKG_CONFIG_LIBDIR_value=
ac_cv_env_PKG_CONFIG_PATH_set=
ac_cv_env_PKG_CONFIG_PATH_value=
ac_cv_env_PKG_CONFIG_set=
ac_cv_env_PKG_CONFIG_value=
ac_cv_env_build_alias_set=
ac_cv_env_build_alias_value=
ac_cv_env_host_alias_set=
ac_cv_env_host_alias_value=
ac_cv_env_target_alias_set=
ac_cv_env_target_alias_value=
ac_cv_exeext=.exe
ac_cv_func_getopt_long=yes
ac_cv_func_setmode=no
ac_cv_func_strndup=yes
ac_cv_header_ft2build_h=yes
ac_cv_header_getopt_h=yes
ac_cv_header_inttypes_h=yes
ac_cv_header_io_h=yes
ac_cv_header_memory_h=yes
ac_cv_header_stdbool_h=yes
ac_cv_header_stdc=yes
ac_cv_header_stdint_h=yes
ac_cv_header_stdlib_h=yes
ac_cv_header_string_h=yes
ac_cv_header_strings_h=yes
ac_cv_header_sys_stat_h=yes
ac_cv_header_sys_types_h=yes
ac_cv_header_unistd_h=yes
ac_cv_lib_dvdread_DVDOpenFile=no
ac_cv_lib_gnugetopt_getopt_long=no
ac_cv_objext=o
ac_cv_path_EGREP='/usr/bin/grep -E'
ac_cv_path_GREP=/usr/bin/grep
ac_cv_path_ac_pt_PKG_CONFIG=/usr/bin/pkg-config
ac_cv_path_install='/usr/bin/install -c'
ac_cv_path_mkdir=/usr/bin/mkdir
ac_cv_prog_AWK=gawk
ac_cv_prog_CPP='gcc -E'
ac_cv_prog_ac_ct_CC=gcc
ac_cv_prog_cc_c89=
ac_cv_prog_cc_g=yes
ac_cv_prog_make_make_set=yes
ac_cv_sys_file_offset_bits=no
ac_cv_sys_largefile_CC=no
ac_cv_type__Bool=yes
am_cv_CC_dependencies_compiler_type=gcc3
pkg_cv_FONTCONFIG_CFLAGS='-I/usr/include/freetype2 -I/usr/include/libpng16 -I/usr/include/uuid '
pkg_cv_FONTCONFIG_LIBS='-lfontconfig -lfreetype '
pkg_cv_LIBPNG_CFLAGS='-I/usr/include/libpng16 '
pkg_cv_LIBPNG_LIBS='-lpng16 -lz '

## ----------------- ##
## Output variables. ##
## ----------------- ##

ACLOCAL='${SHELL} /cygdrive/c/Users/fabrn/dvda-author/dvdauthor/autotools/missing --run aclocal-1.11'
AMDEPBACKSLASH='\'
AMDEP_FALSE='#'
AMDEP_TRUE=''
AMTAR='$${TAR-tar}'
AUTOCONF='${SHELL} /cygdrive/c/Users/fabrn/dvda-author/dvdauthor/autotools/missing --run autoconf'
AUTOHEADER='${SHELL} /cygdrive/c/Users/fabrn/dvda-author/dvdauthor/autotools/missing --run autoheader'
AUTOMAKE='${SHELL} /cygdrive/c/Users/fabrn/dvda-author/dvdauthor/autotools/missing --run automake-1.11'
AWK='gawk'
CC='gcc'
CCDEPMODE='depmode=gcc3'
CFLAGS='-g -O2'
CPP='gcc -E'
CPPFLAGS=''
CYGPATH_W='cygpath -w'
DEFS=''
DEPDIR='.deps'
ECHO_C=''
ECHO_N='-n'
ECHO_T=''
EGREP='/usr/bin/grep -E'
EXEEXT='.exe'
FONTCONFIG_CFLAGS='-I/usr/include/freetype2 -I/usr/include/libpng16 -I/usr/include/uuid '
FONTCONFIG_LIBS='-lfontconfig -lfreetype '
FREETYPE_CPPFLAGS='-I/usr/include/freetype2 -I/usr/include/libpng16 '
FREETYPE_LIBS='-lfreetype '
FRIBIDI_CFLAGS=''
FRIBIDI_LIBS=''
GMAGICKCONFIG=''
GREP='/usr/bin/grep'
HAVE_DVDREAD_FALSE=''
HAVE_DVDREAD_TRUE=''
INSTALL_DATA='${INSTALL} -m 644'
INSTALL_PROGRAM='${INSTALL}'
INSTALL_SCRIPT='${INSTALL}'
INSTALL_STRIP_PROGRAM='$(install_sh) -c -s'
LDFLAGS=''
LIBICONV=''
LIBOBJS=''
LIBPNG_CFLAGS='-I/usr/include/libpng16 '
LIBPNG_LIBS='-lpng16 -lz '
LIBS=''
LTLIBICONV=''
LTLIBOBJS=''
MAGICKCONFIG=''
MAGICK_CPPFLAGS='-I/usr/include/libpng16 '
MAGICK_LIBS='-lpng16 -lz '
MAKEINFO='${SHELL} /cygdrive/c/Users/fabrn/dvda-author/dvdauthor/autotools/missing --run makeinfo'
MKDIR_P='/usr/bin/mkdir -p'
OBJEXT='o'
PACKAGE='dvdauthor'
PACKAGE_BUGREPORT='dvdauthor-users@lists.sourceforge.net'
PACKAGE_NAME='DVDAuthor'
PACKAGE_STRING='DVDAuthor 0.7.1-patched'
PACKAGE_TARNAME='dvdauthor'
PACKAGE_URL=''
PACKAGE_VERSION='0.7.1-patched'
PATH_SEPARATOR=':'
PKG_CONFIG='/usr/bin/pkg-config'
PKG_CONFIG_LIBDIR=''
PKG_CONFIG_PATH=''
SET_MAKE=''
SHELL='/bin/sh'
STRIP=''
VERSION='0.7.1-patched'
XML2_CONFIG=''
XML_CPPFLAGS=''
XML_LIBS=''
ac_ct_CC='gcc'
am__EXEEXT_FALSE=''
am__EXEEXT_TRUE=''
am__fastdepCC_FALSE='#'
am__fastdepCC_TRUE=''
am__include='include'
am__isrc=''
am__leading_dot='.'
am__nodep='_no'
am__quote=''
am__tar='$${TAR-tar} chof - "$$tardir"'
am__untar='$${TAR-tar} xf -'
bindir='${exec_prefix}/bin'
build=''
build_alias=''
build_cpu=''
build_os=''
build_vendor=''
datadir='${datarootdir}'
datarootdir='${prefix}/share'
docdir='${datarootdir}/doc/${PACKAGE_TARNAME}'
dvidir='${docdir}'
exec_prefix='NONE'
host=''
host_alias=''
host_cpu=''
host_os=''
host_vendor=''
htmldir='${docdir}'
includedir='${prefix}/include'
infodir='${datarootdir}/info'
install_sh='${SHELL} /cygdrive/c/Users/fabrn/dvda-author/dvdauthor/autotools/install-sh'
libdir='${exec_prefix}/lib'
libexecdir='${exec_prefix}/libexec'
localedir='${datarootdir}/locale'
localstatedir='${prefix}/var'
mandir='${datarootdir}/man'
mkdir_p='/usr/bin/mkdir -p'
oldincludedir='/usr/include'
pdfdir='${docdir}'
prefix='/cygdrive/c/Users/fabrn/dvda-author/dvdauthor/../local'
program_transform_name='s,x,x,'
psdir='${docdir}'
runstatedir='${localstatedir}/run'
sbindir='${exec_prefix}/sbin'
sharedstatedir='${prefix}/com'
sysconfdir='${prefix}/etc'
target_alias=''

## ----------- ##
## confdefs.h. ##
## ----------- ##

/* confdefs.h */
#define PACKAGE_NAME "DVDAuthor"
#define PACKAGE_TARNAME "dvdauthor"
#define PACKAGE_VERSION "0.7.1-patched"
#define PACKAGE_STRING "DVDAuthor 0.7.1-patched"
#define PACKAGE_BUGREPORT "dvdauthor-users@lists.sourceforge.net"
#define PACKAGE_URL ""
#define PACKAGE "dvdauthor"
#define VERSION "0.7.1-patched"
#define STDC_HEADERS 1
#define HAVE_SYS_TYPES_H 1
#define HAVE_SYS_STAT_H 1
#define HAVE_STDLIB_H 1
#define HAVE_STRING_H 1
#define HAVE_MEMORY_H 1
#define HAVE_STRINGS_H 1
#define HAVE_INTTYPES_H 1
#define HAVE_STDINT_H 1
#define HAVE_UNISTD_H 1
#define HAVE__BOOL 1
#define HAVE_STDBOOL_H 1
#define HAVE_NESTED_ROUTINES 1
#define HAVE_GETOPT_H 1
#define HAVE_IO_H 1
#define HAVE_STRNDUP 1
#define HAVE_GETOPT_LONG 1
#define HAVE_FONTCONFIG 1
#define HAVE_FREETYPE 1
#define HAVE_FT2BUILD_H 1

configure: exit 1
