This file contains any messages produced by compilers while
running configure, to aid debugging if configure makes a mistake.

It was created by libdvdread configure 6.1.1, which was
generated by GNU Autoconf 2.69.  Invocation command line was

  $ ./configure 

## --------- ##
## Platform. ##
## --------- ##

hostname = DESKTOP-SU3DHIN
uname -m = x86_64
uname -r = 3.1.7(0.340/5/3)
uname -s = CYGWIN_NT-10.0
uname -v = 2020-08-22 17:48

/usr/bin/uname -p = unknown
/bin/uname -X     = unknown

/bin/arch              = x86_64
/usr/bin/arch -k       = unknown
/usr/convex/getsysinfo = unknown
/usr/bin/hostinfo      = unknown
/bin/machine           = unknown
/usr/bin/oslevel       = unknown
/bin/universe          = unknown

PATH: /usr/local/bin
PATH: /usr/bin
PATH: /cygdrive/c/Windows/System32
PATH: /cygdrive/c/Windows
PATH: /cygdrive/c/Windows/System32/wbem
PATH: /cygdrive/c/Windows/System32/WindowsPowerShell/v1.0
PATH: /cygdrive/c/Windows/System32/OpenSSH
PATH: /cygdrive/c/Program Files (x86)/Common Files/Acronis/VirtualFile
PATH: /cygdrive/c/Program Files (x86)/Common Files/Acronis/VirtualFile64
PATH: /cygdrive/c/Program Files (x86)/Common Files/Acronis/FileProtector
PATH: /cygdrive/c/Program Files (x86)/Common Files/Acronis/FileProtector64
PATH: /cygdrive/c/Program Files (x86)/Common Files/Acronis/SnapAPI
PATH: /cygdrive/c/Program Files (x86)/GnuPG/bin
PATH: /cygdrive/c/Program Files/Oracle/VirtualBox
PATH: /cygdrive/c/Program Files (x86)/Calibre2
PATH: /cygdrive/c/Users/fabrn/AppData/Local/Microsoft/WindowsApps
PATH: /cygdrive/c/Program Files/R/R-4.0.2/bin
PATH: /cygdrive/c/Program Files/R/R-4.0.2/bin/x64
PATH: /cygdrive/c/Program Files/Oracle/VirtualBox
PATH: /cygdrive/c/Users/fabrn/AppData/Local/Pandoc
PATH: /usr/lib/lapack


## ----------- ##
## Core tests. ##
## ----------- ##

configure:2346: checking build system type
configure:2360: result: x86_64-pc-cygwin
configure:2380: checking host system type
configure:2393: result: x86_64-pc-cygwin
configure:2430: checking for a BSD-compatible install
configure:2498: result: /bin/sh /cygdrive/c/Users/fabrn/dvda-author/config/install-sh
configure:2509: checking whether build environment is sane
configure:2564: result: yes
configure:2715: checking for a thread-safe mkdir -p
configure:2754: result: /usr/bin/mkdir -p
configure:2761: checking for gawk
configure:2777: found /usr/bin/gawk
configure:2788: result: gawk
configure:2799: checking whether make sets $(MAKE)
configure:2821: result: yes
configure:2850: checking whether make supports nested variables
configure:2867: result: yes
configure:2994: checking whether to enable maintainer-specific portions of Makefiles
configure:3003: result: yes
configure:3027: checking whether make supports nested variables
configure:3044: result: yes
configure:3102: checking how to print strings
configure:3129: result: printf
configure:3154: checking whether make supports the include directive
configure:3169: make -f confmf.GNU && cat confinc.out
make[1]: Entering directory '/cygdrive/c/Users/fabrn/dvda-author/lplex-0.3/libdvdread'
make[1]: Leaving directory '/cygdrive/c/Users/fabrn/dvda-author/lplex-0.3/libdvdread'
this is the am__doit target
configure:3172: $? = 0
configure:3191: result: yes (GNU style)
configure:3261: checking for gcc
configure:3277: found /usr/bin/gcc
configure:3288: result: gcc
configure:3517: checking for C compiler version
configure:3526: gcc --version >&5
gcc (GCC) 10.2.0
Copyright (C) 2020 Free Software Foundation, Inc.
This is free software; see the source for copying conditions.  There is NO
warranty; not even for MERCHANTABILITY or FITNESS FOR A PARTICULAR PURPOSE.

configure:3537: $? = 0
configure:3526: gcc -v >&5
Using built-in specs.
COLLECT_GCC=gcc
COLLECT_LTO_WRAPPER=/usr/lib/gcc/x86_64-pc-cygwin/10/lto-wrapper.exe
Target: x86_64-pc-cygwin
Configured with: /mnt/share/cygpkgs/gcc/gcc.x86_64/src/gcc-10.2.0/configure --srcdir=/mnt/share/cygpkgs/gcc/gcc.x86_64/src/gcc-10.2.0 --prefix=/usr --exec-prefix=/usr --localstatedir=/var --sysconfdir=/etc --docdir=/usr/share/doc/gcc --htmldir=/usr/share/doc/gcc/html -C --build=x86_64-pc-cygwin --host=x86_64-pc-cygwin --target=x86_64-pc-cygwin --without-libiconv-prefix --without-libintl-prefix --libexecdir=/usr/lib --with-gcc-major-version-only --enable-shared --enable-shared-libgcc --enable-static --enable-version-specific-runtime-libs --enable-bootstrap --enable-__cxa_atexit --with-dwarf2 --with-tune=generic --enable-languages=c,c++,fortran,lto,objc,obj-c++ --enable-graphite --enable-threads=posix --enable-libatomic --enable-libgomp --enable-libquadmath --enable-libquadmath-support --disable-libssp --enable-libada --disable-symvers --with-gnu-ld --with-gnu-as --with-cloog-include=/usr/include/cloog-isl --without-libiconv-prefix --without-libintl-prefix --with-system-zlib --enable-linker-build-id --with-default-libstdcxx-abi=gcc4-compatible --enable-libstdcxx-filesystem-ts
Thread model: posix
Supported LTO compression algorithms: zlib zstd
gcc version 10.2.0 (GCC) 
configure:3537: $? = 0
configure:3526: gcc -V >&5
gcc: error: unrecognized command-line option '-V'
gcc: fatal error: no input files
compilation terminated.
configure:3537: $? = 1
configure:3526: gcc -qversion >&5
gcc: error: unrecognized command-line option '-qversion'; did you mean '--version'?
gcc: fatal error: no input files
compilation terminated.
configure:3537: $? = 1
configure:3557: checking whether the C compiler works
configure:3579: gcc -g -O2 -g -O2 -std=c99 -I/cygdrive/c/Users/fabrn/dvda-author/lplex-0.3/redist  conftest.c  >&5
configure:3583: $? = 0
configure:3631: result: yes
configure:3634: checking for C compiler default output file name
configure:3636: result: a.exe
configure:3642: checking for suffix of executables
configure:3649: gcc -o conftest.exe -g -O2 -g -O2 -std=c99 -I/cygdrive/c/Users/fabrn/dvda-author/lplex-0.3/redist  conftest.c  >&5
configure:3653: $? = 0
configure:3675: result: .exe
configure:3697: checking whether we are cross compiling
configure:3705: gcc -o conftest.exe -g -O2 -g -O2 -std=c99 -I/cygdrive/c/Users/fabrn/dvda-author/lplex-0.3/redist  conftest.c  >&5
configure:3709: $? = 0
configure:3716: ./conftest.exe
configure:3720: $? = 0
configure:3735: result: no
configure:3740: checking for suffix of object files
configure:3762: gcc -c -g -O2 -g -O2 -std=c99 -I/cygdrive/c/Users/fabrn/dvda-author/lplex-0.3/redist conftest.c >&5
configure:3766: $? = 0
configure:3787: result: o
configure:3791: checking whether we are using the GNU C compiler
configure:3810: gcc -c -g -O2 -g -O2 -std=c99 -I/cygdrive/c/Users/fabrn/dvda-author/lplex-0.3/redist conftest.c >&5
configure:3810: $? = 0
configure:3819: result: yes
configure:3828: checking whether gcc accepts -g
configure:3848: gcc -c -g -I/cygdrive/c/Users/fabrn/dvda-author/lplex-0.3/redist conftest.c >&5
configure:3848: $? = 0
configure:3889: result: yes
configure:3906: checking for gcc option to accept ISO C89
configure:3969: gcc  -c -g -O2 -g -O2 -std=c99 -I/cygdrive/c/Users/fabrn/dvda-author/lplex-0.3/redist conftest.c >&5
configure:3969: $? = 0
configure:3982: result: none needed
configure:4007: checking whether gcc understands -c and -o together
configure:4029: gcc -c conftest.c -o conftest2.o
configure:4032: $? = 0
configure:4029: gcc -c conftest.c -o conftest2.o
configure:4032: $? = 0
configure:4044: result: yes
configure:4063: checking dependency style of gcc
configure:4174: result: gcc3
configure:4189: checking for a sed that does not truncate output
configure:4253: result: /usr/bin/sed
configure:4271: checking for grep that handles long lines and -e
configure:4329: result: /usr/bin/grep
configure:4334: checking for egrep
configure:4396: result: /usr/bin/grep -E
configure:4401: checking for fgrep
configure:4463: result: /usr/bin/grep -F
configure:4498: checking for ld used by gcc
configure:4565: result: /usr/x86_64-pc-cygwin/bin/ld.exe
configure:4572: checking if the linker (/usr/x86_64-pc-cygwin/bin/ld.exe) is GNU ld
configure:4587: result: yes
configure:4599: checking for BSD- or MS-compatible name lister (nm)
configure:4653: result: /usr/bin/nm -B
configure:4783: checking the name lister (/usr/bin/nm -B) interface
configure:4790: gcc -c -g -O2 -g -O2 -std=c99 -I/cygdrive/c/Users/fabrn/dvda-author/lplex-0.3/redist conftest.c >&5
configure:4793: /usr/bin/nm -B "conftest.o"
configure:4796: output
0000000000000000 b .bss
0000000000000000 d .data
0000000000000000 N .debug_abbrev
0000000000000000 N .debug_aranges
0000000000000000 N .debug_info
0000000000000000 N .debug_line
0000000000000000 r .rdata$zzz
0000000000000000 t .text
0000000000000000 B some_variable
configure:4803: result: BSD nm
configure:4806: checking whether ln -s works
configure:4810: result: yes
configure:4818: checking the maximum length of command line arguments
configure:4949: result: 8192
configure:4997: checking how to convert x86_64-pc-cygwin file names to x86_64-pc-cygwin format
configure:5037: result: func_convert_file_noop
configure:5044: checking how to convert x86_64-pc-cygwin file names to toolchain format
configure:5064: result: func_convert_file_noop
configure:5071: checking for /usr/x86_64-pc-cygwin/bin/ld.exe option to reload object files
configure:5078: result: -r
configure:5152: checking for objdump
configure:5168: found /usr/bin/objdump
configure:5179: result: objdump
configure:5211: checking how to recognize dependent libraries
configure:5411: result: file_magic ^x86 archive import|^x86 DLL
configure:5496: checking for dlltool
configure:5512: found /usr/bin/dlltool
configure:5523: result: dlltool
configure:5556: checking how to associate runtime and link libraries
configure:5583: result: func_cygming_dll_for_implib
configure:5644: checking for ar
configure:5660: found /usr/bin/ar
configure:5671: result: ar
configure:5708: checking for archiver @FILE support
configure:5725: gcc -c -g -O2 -g -O2 -std=c99 -I/cygdrive/c/Users/fabrn/dvda-author/lplex-0.3/redist conftest.c >&5
configure:5725: $? = 0
configure:5728: ar cru libconftest.a @conftest.lst >&5
configure:5731: $? = 0
configure:5736: ar cru libconftest.a @conftest.lst >&5
ar: conftest.o: No such file or directory
configure:5739: $? = 1
configure:5751: result: @
configure:5809: checking for strip
configure:5825: found /usr/bin/strip
configure:5836: result: strip
configure:5908: checking for ranlib
configure:5924: found /usr/bin/ranlib
configure:5935: result: ranlib
configure:6037: checking command to parse /usr/bin/nm -B output from gcc object
configure:6190: gcc -c -g -O2 -g -O2 -std=c99 -I/cygdrive/c/Users/fabrn/dvda-author/lplex-0.3/redist conftest.c >&5
configure:6193: $? = 0
configure:6197: /usr/bin/nm -B conftest.o \| sed -n -e 's/^.*[ ]\([ABCDGIRSTW][ABCDGIRSTW]*\)[ ][ ]*\([_A-Za-z][_A-Za-z0-9]*\)$/\1 \2 \2/p' | sed '/ __gnu_lto/d' \> conftest.nm
configure:6200: $? = 0
configure:6266: gcc -o conftest.exe -g -O2 -g -O2 -std=c99 -I/cygdrive/c/Users/fabrn/dvda-author/lplex-0.3/redist  conftest.c conftstm.o >&5
configure:6269: $? = 0
configure:6307: result: ok
configure:6354: checking for sysroot
configure:6384: result: no
configure:6391: checking for a working dd
configure:6429: result: /usr/bin/dd
configure:6433: checking how to truncate binary pipes
configure:6448: result: /usr/bin/dd bs=4096 count=1
configure:6777: checking for mt
configure:6793: found /usr/bin/mt
configure:6804: result: mt
configure:6827: checking if mt is a manifest tool
configure:6833: mt '-?'
mt: unknown option -- ?
usage: mt [-V] [-f device] operation [count]
configure:6841: result: no
configure:7518: checking how to run the C preprocessor
configure:7549: gcc -E -I/cygdrive/c/Users/fabrn/dvda-author/lplex-0.3/redist conftest.c
configure:7549: $? = 0
configure:7563: gcc -E -I/cygdrive/c/Users/fabrn/dvda-author/lplex-0.3/redist conftest.c
conftest.c:11:10: fatal error: ac_nonexistent.h: No such file or directory
   11 | #include <ac_nonexistent.h>
      |          ^~~~~~~~~~~~~~~~~~
compilation terminated.
configure:7563: $? = 1
configure: failed program was:
| /* confdefs.h */
| #define PACKAGE_NAME "libdvdread"
| #define PACKAGE_TARNAME "libdvdread"
| #define PACKAGE_VERSION "6.1.1"
| #define PACKAGE_STRING "libdvdread 6.1.1"
| #define PACKAGE_BUGREPORT ""
| #define PACKAGE_URL ""
| #define PACKAGE "libdvdread"
| #define VERSION "6.1.1"
| /* end confdefs.h.  */
| #include <ac_nonexistent.h>
configure:7588: result: gcc -E
configure:7608: gcc -E -I/cygdrive/c/Users/fabrn/dvda-author/lplex-0.3/redist conftest.c
configure:7608: $? = 0
configure:7622: gcc -E -I/cygdrive/c/Users/fabrn/dvda-author/lplex-0.3/redist conftest.c
conftest.c:11:10: fatal error: ac_nonexistent.h: No such file or directory
   11 | #include <ac_nonexistent.h>
      |          ^~~~~~~~~~~~~~~~~~
compilation terminated.
configure:7622: $? = 1
configure: failed program was:
| /* confdefs.h */
| #define PACKAGE_NAME "libdvdread"
| #define PACKAGE_TARNAME "libdvdread"
| #define PACKAGE_VERSION "6.1.1"
| #define PACKAGE_STRING "libdvdread 6.1.1"
| #define PACKAGE_BUGREPORT ""
| #define PACKAGE_URL ""
| #define PACKAGE "libdvdread"
| #define VERSION "6.1.1"
| /* end confdefs.h.  */
| #include <ac_nonexistent.h>
configure:7651: checking for ANSI C header files
configure:7671: gcc -c -g -O2 -g -O2 -std=c99 -I/cygdrive/c/Users/fabrn/dvda-author/lplex-0.3/redist conftest.c >&5
configure:7671: $? = 0
configure:7744: gcc -o conftest.exe -g -O2 -g -O2 -std=c99 -I/cygdrive/c/Users/fabrn/dvda-author/lplex-0.3/redist  conftest.c  >&5
configure:7744: $? = 0
configure:7744: ./conftest.exe
configure:7744: $? = 0
configure:7755: result: yes
configure:7768: checking for sys/types.h
configure:7768: gcc -c -g -O2 -g -O2 -std=c99 -I/cygdrive/c/Users/fabrn/dvda-author/lplex-0.3/redist conftest.c >&5
configure:7768: $? = 0
configure:7768: result: yes
configure:7768: checking for sys/stat.h
configure:7768: gcc -c -g -O2 -g -O2 -std=c99 -I/cygdrive/c/Users/fabrn/dvda-author/lplex-0.3/redist conftest.c >&5
configure:7768: $? = 0
configure:7768: result: yes
configure:7768: checking for stdlib.h
configure:7768: gcc -c -g -O2 -g -O2 -std=c99 -I/cygdrive/c/Users/fabrn/dvda-author/lplex-0.3/redist conftest.c >&5
configure:7768: $? = 0
configure:7768: result: yes
configure:7768: checking for string.h
configure:7768: gcc -c -g -O2 -g -O2 -std=c99 -I/cygdrive/c/Users/fabrn/dvda-author/lplex-0.3/redist conftest.c >&5
configure:7768: $? = 0
configure:7768: result: yes
configure:7768: checking for memory.h
configure:7768: gcc -c -g -O2 -g -O2 -std=c99 -I/cygdrive/c/Users/fabrn/dvda-author/lplex-0.3/redist conftest.c >&5
configure:7768: $? = 0
configure:7768: result: yes
configure:7768: checking for strings.h
configure:7768: gcc -c -g -O2 -g -O2 -std=c99 -I/cygdrive/c/Users/fabrn/dvda-author/lplex-0.3/redist conftest.c >&5
configure:7768: $? = 0
configure:7768: result: yes
configure:7768: checking for inttypes.h
configure:7768: gcc -c -g -O2 -g -O2 -std=c99 -I/cygdrive/c/Users/fabrn/dvda-author/lplex-0.3/redist conftest.c >&5
configure:7768: $? = 0
configure:7768: result: yes
configure:7768: checking for stdint.h
configure:7768: gcc -c -g -O2 -g -O2 -std=c99 -I/cygdrive/c/Users/fabrn/dvda-author/lplex-0.3/redist conftest.c >&5
configure:7768: $? = 0
configure:7768: result: yes
configure:7768: checking for unistd.h
configure:7768: gcc -c -g -O2 -g -O2 -std=c99 -I/cygdrive/c/Users/fabrn/dvda-author/lplex-0.3/redist conftest.c >&5
configure:7768: $? = 0
configure:7768: result: yes
configure:7782: checking for dlfcn.h
configure:7782: gcc -c -g -O2 -g -O2 -std=c99 -I/cygdrive/c/Users/fabrn/dvda-author/lplex-0.3/redist conftest.c >&5
configure:7782: $? = 0
configure:7782: result: yes
configure:8038: checking for objdir
configure:8053: result: .libs
configure:8317: checking if gcc supports -fno-rtti -fno-exceptions
configure:8335: gcc -c -g -O2 -g -O2 -std=c99 -I/cygdrive/c/Users/fabrn/dvda-author/lplex-0.3/redist -fno-rtti -fno-exceptions conftest.c >&5
cc1: warning: command-line option '-fno-rtti' is valid for C++/D/ObjC++ but not for C
configure:8339: $? = 0
configure:8352: result: no
configure:8710: checking for gcc option to produce PIC
configure:8717: result: -DDLL_EXPORT -DPIC
configure:8725: checking if gcc PIC flag -DDLL_EXPORT -DPIC works
configure:8743: gcc -c -g -O2 -g -O2 -std=c99 -I/cygdrive/c/Users/fabrn/dvda-author/lplex-0.3/redist -DDLL_EXPORT -DPIC -DPIC conftest.c >&5
configure:8747: $? = 0
configure:8760: result: yes
configure:8789: checking if gcc static flag -static works
configure:8817: result: yes
configure:8832: checking if gcc supports -c -o file.o
configure:8853: gcc -c -g -O2 -g -O2 -std=c99 -I/cygdrive/c/Users/fabrn/dvda-author/lplex-0.3/redist -o out/conftest2.o conftest.c >&5
configure:8857: $? = 0
configure:8879: result: yes
configure:8887: checking if gcc supports -c -o file.o
configure:8934: result: yes
configure:8967: checking whether the gcc linker (/usr/x86_64-pc-cygwin/bin/ld.exe) supports shared libraries
configure:10226: result: yes
configure:10263: checking whether -lc should be explicitly linked in
configure:10271: gcc -c -g -O2 -g -O2 -std=c99 -I/cygdrive/c/Users/fabrn/dvda-author/lplex-0.3/redist conftest.c >&5
configure:10274: $? = 0
configure:10289: gcc -shared conftest.o  -v -o ./conftest -Wl,--enable-auto-image-base -Xlinker --out-implib -Xlinker conftest 2\>\&1 \| /usr/bin/grep  -lc  \>/dev/null 2\>\&1
configure:10292: $? = 1
configure:10306: result: yes
configure:10466: checking dynamic linker characteristics
configure:11284: result: Win32 ld.exe
configure:11406: checking how to hardcode library paths into programs
configure:11431: result: immediate
configure:11979: checking whether stripping libraries is possible
configure:11984: result: yes
configure:12019: checking if libtool supports shared libraries
configure:12021: result: yes
configure:12024: checking whether to build shared libraries
configure:12049: result: yes
configure:12052: checking whether to build static libraries
configure:12056: result: yes
configure:12106: checking for gcc option to accept ISO C99
configure:12255: gcc  -c -g -O2 -g -O2 -std=c99 -I/cygdrive/c/Users/fabrn/dvda-author/lplex-0.3/redist conftest.c >&5
configure:12255: $? = 0
configure:12268: result: none needed
configure:12290: checking for sys/param.h
configure:12290: gcc -c -g -O2 -g -O2 -std=c99 -I/cygdrive/c/Users/fabrn/dvda-author/lplex-0.3/redist conftest.c >&5
configure:12290: $? = 0
configure:12290: result: yes
configure:12290: checking for limits.h
configure:12290: gcc -c -g -O2 -g -O2 -std=c99 -I/cygdrive/c/Users/fabrn/dvda-author/lplex-0.3/redist conftest.c >&5
configure:12290: $? = 0
configure:12290: result: yes
configure:12290: checking for dlfcn.h
configure:12290: result: yes
configure:12316: checking for special C compiler options needed for large files
configure:12361: result: no
configure:12367: checking for _FILE_OFFSET_BITS value needed for large files
configure:12392: gcc -c -g -O2 -g -O2 -std=c99 -I/cygdrive/c/Users/fabrn/dvda-author/lplex-0.3/redist conftest.c >&5
configure:12392: $? = 0
configure:12424: result: no
configure:12509: checking whether byte ordering is bigendian
configure:12524: gcc -c -g -O2 -g -O2 -std=c99 -I/cygdrive/c/Users/fabrn/dvda-author/lplex-0.3/redist conftest.c >&5
conftest.c:27:9: error: unknown type name 'not'
   27 |         not a universal capable compiler
      |         ^~~
conftest.c:27:15: error: expected '=', ',', ';', 'asm' or '__attribute__' before 'universal'
   27 |         not a universal capable compiler
      |               ^~~~~~~~~
conftest.c:27:15: error: unknown type name 'universal'
configure:12524: $? = 1
configure: failed program was:
| /* confdefs.h */
| #define PACKAGE_NAME "libdvdread"
| #define PACKAGE_TARNAME "libdvdread"
| #define PACKAGE_VERSION "6.1.1"
| #define PACKAGE_STRING "libdvdread 6.1.1"
| #define PACKAGE_BUGREPORT ""
| #define PACKAGE_URL ""
| #define PACKAGE "libdvdread"
| #define VERSION "6.1.1"
| #define STDC_HEADERS 1
| #define HAVE_SYS_TYPES_H 1
| #define HAVE_SYS_STAT_H 1
| #define HAVE_STDLIB_H 1
| #define HAVE_STRING_H 1
| #define HAVE_MEMORY_H 1
| #define HAVE_STRINGS_H 1
| #define HAVE_INTTYPES_H 1
| #define HAVE_STDINT_H 1
| #define HAVE_UNISTD_H 1
| #define HAVE_DLFCN_H 1
| #define LT_OBJDIR ".libs/"
| #define HAVE_SYS_PARAM_H 1
| #define HAVE_LIMITS_H 1
| #define HAVE_DLFCN_H 1
| /* end confdefs.h.  */
| #ifndef __APPLE_CC__
| 	       not a universal capable compiler
| 	     #endif
| 	     typedef int dummy;
| 
configure:12569: gcc -c -g -O2 -g -O2 -std=c99 -I/cygdrive/c/Users/fabrn/dvda-author/lplex-0.3/redist conftest.c >&5
configure:12569: $? = 0
configure:12587: gcc -c -g -O2 -g -O2 -std=c99 -I/cygdrive/c/Users/fabrn/dvda-author/lplex-0.3/redist conftest.c >&5
conftest.c: In function 'main':
conftest.c:33:4: error: unknown type name 'not'; did you mean 'ino_t'?
   33 |    not big endian
      |    ^~~
      |    ino_t
conftest.c:33:12: error: expected '=', ',', ';', 'asm' or '__attribute__' before 'endian'
   33 |    not big endian
      |            ^~~~~~
configure:12587: $? = 1
configure: failed program was:
| /* confdefs.h */
| #define PACKAGE_NAME "libdvdread"
| #define PACKAGE_TARNAME "libdvdread"
| #define PACKAGE_VERSION "6.1.1"
| #define PACKAGE_STRING "libdvdread 6.1.1"
| #define PACKAGE_BUGREPORT ""
| #define PACKAGE_URL ""
| #define PACKAGE "libdvdread"
| #define VERSION "6.1.1"
| #define STDC_HEADERS 1
| #define HAVE_SYS_TYPES_H 1
| #define HAVE_SYS_STAT_H 1
| #define HAVE_STDLIB_H 1
| #define HAVE_STRING_H 1
| #define HAVE_MEMORY_H 1
| #define HAVE_STRINGS_H 1
| #define HAVE_INTTYPES_H 1
| #define HAVE_STDINT_H 1
| #define HAVE_UNISTD_H 1
| #define HAVE_DLFCN_H 1
| #define LT_OBJDIR ".libs/"
| #define HAVE_SYS_PARAM_H 1
| #define HAVE_LIMITS_H 1
| #define HAVE_DLFCN_H 1
| /* end confdefs.h.  */
| #include <sys/types.h>
| 		#include <sys/param.h>
| 
| int
| main ()
| {
| #if BYTE_ORDER != BIG_ENDIAN
| 		 not big endian
| 		#endif
| 
|   ;
|   return 0;
| }
configure:12715: result: no
configure:12738: checking for gettimeofday
configure:12738: gcc -o conftest.exe -g -O2 -g -O2 -std=c99 -I/cygdrive/c/Users/fabrn/dvda-author/lplex-0.3/redist  conftest.c  >&5
configure:12738: $? = 0
configure:12738: result: yes
configure:12844: checking for pkg-config
configure:12862: found /usr/bin/pkg-config
configure:12874: result: /usr/bin/pkg-config
configure:12899: checking pkg-config is at least version 0.9.0
configure:12902: result: yes
configure:13036: checking for library containing dlopen
configure:13067: gcc -o conftest.exe -g -O2 -g -O2 -std=c99 -I/cygdrive/c/Users/fabrn/dvda-author/lplex-0.3/redist  conftest.c  >&5
configure:13067: $? = 0
configure:13084: result: none required
configure:13101: checking if gcc supports -Wall flag
configure:13116: gcc -o conftest.exe -g -O2 -g -O2 -std=c99 -Wall -I/cygdrive/c/Users/fabrn/dvda-author/lplex-0.3/redist  conftest.c  >&5
configure:13116: $? = 0
configure:13134: result: yes
configure:13101: checking if gcc supports -Wsign-compare flag
configure:13116: gcc -o conftest.exe -g -O2 -g -O2 -std=c99 -Wall -Wsign-compare -I/cygdrive/c/Users/fabrn/dvda-author/lplex-0.3/redist  conftest.c  >&5
configure:13116: $? = 0
configure:13134: result: yes
configure:13101: checking if gcc supports -Wextra flag
configure:13116: gcc -o conftest.exe -g -O2 -g -O2 -std=c99 -Wall -Wsign-compare -Wextra -I/cygdrive/c/Users/fabrn/dvda-author/lplex-0.3/redist  conftest.c  >&5
configure:13116: $? = 0
configure:13134: result: yes
configure:13153: checking for doxygen
configure:13171: found /usr/bin/doxygen
configure:13183: result: /usr/bin/doxygen
configure:13224: checking whether strerror_r is declared
configure:13224: gcc -c -g -O2 -g -O2 -std=c99 -Wall -Wsign-compare -Wextra -I/cygdrive/c/Users/fabrn/dvda-author/lplex-0.3/redist conftest.c >&5
conftest.c: In function 'main':
conftest.c:68:10: error: 'strerror_r' undeclared (first use in this function); did you mean '_strerror_r'?
   68 |   (void) strerror_r;
      |          ^~~~~~~~~~
      |          _strerror_r
conftest.c:68:10: note: each undeclared identifier is reported only once for each function it appears in
configure:13224: $? = 1
configure: failed program was:
| /* confdefs.h */
| #define PACKAGE_NAME "libdvdread"
| #define PACKAGE_TARNAME "libdvdread"
| #define PACKAGE_VERSION "6.1.1"
| #define PACKAGE_STRING "libdvdread 6.1.1"
| #define PACKAGE_BUGREPORT ""
| #define PACKAGE_URL ""
| #define PACKAGE "libdvdread"
| #define VERSION "6.1.1"
| #define STDC_HEADERS 1
| #define HAVE_SYS_TYPES_H 1
| #define HAVE_SYS_STAT_H 1
| #define HAVE_STDLIB_H 1
| #define HAVE_STRING_H 1
| #define HAVE_MEMORY_H 1
| #define HAVE_STRINGS_H 1
| #define HAVE_INTTYPES_H 1
| #define HAVE_STDINT_H 1
| #define HAVE_UNISTD_H 1
| #define HAVE_DLFCN_H 1
| #define LT_OBJDIR ".libs/"
| #define HAVE_SYS_PARAM_H 1
| #define HAVE_LIMITS_H 1
| #define HAVE_DLFCN_H 1
| #define HAVE_GETTIMEOFDAY 1
| #define UNUSED __attribute__((unused))
| /* end confdefs.h.  */
| #include <stdio.h>
| #ifdef HAVE_SYS_TYPES_H
| # include <sys/types.h>
| #endif
| #ifdef HAVE_SYS_STAT_H
| # include <sys/stat.h>
| #endif
| #ifdef STDC_HEADERS
| # include <stdlib.h>
| # include <stddef.h>
| #else
| # ifdef HAVE_STDLIB_H
| #  include <stdlib.h>
| # endif
| #endif
| #ifdef HAVE_STRING_H
| # if !defined STDC_HEADERS && defined HAVE_MEMORY_H
| #  include <memory.h>
| # endif
| # include <string.h>
| #endif
| #ifdef HAVE_STRINGS_H
| # include <strings.h>
| #endif
| #ifdef HAVE_INTTYPES_H
| # include <inttypes.h>
| #endif
| #ifdef HAVE_STDINT_H
| # include <stdint.h>
| #endif
| #ifdef HAVE_UNISTD_H
| # include <unistd.h>
| #endif
| int
| main ()
| {
| #ifndef strerror_r
| #ifdef __cplusplus
|   (void) strerror_r;
| #else
|   (void) strerror_r;
| #endif
| #endif
| 
|   ;
|   return 0;
| }
configure:13224: result: no
configure:13237: checking for strerror_r
configure:13237: gcc -o conftest.exe -g -O2 -g -O2 -std=c99 -Wall -Wsign-compare -Wextra -I/cygdrive/c/Users/fabrn/dvda-author/lplex-0.3/redist  conftest.c  >&5
configure:13237: $? = 0
configure:13237: result: yes
configure:13246: checking whether strerror_r returns char *
configure:13298: gcc -o conftest.exe -g -O2 -g -O2 -std=c99 -Wall -Wsign-compare -Wextra -I/cygdrive/c/Users/fabrn/dvda-author/lplex-0.3/redist  conftest.c  >&5
conftest.c: In function 'main':
conftest.c:69:13: warning: implicit declaration of function 'isalpha' [-Wimplicit-function-declaration]
   69 |    return ! isalpha (x);
      |             ^~~~~~~
configure:13298: $? = 0
configure:13298: ./conftest.exe
configure:13298: $? = 0
configure:13308: result: yes
configure:13450: checking that generated files are newer than configure
configure:13456: result: done
configure:13488: creating ./config.status

## ---------------------- ##
## Running config.status. ##
## ---------------------- ##

This file was extended by libdvdread config.status 6.1.1, which was
generated by GNU Autoconf 2.69.  Invocation command line was

  CONFIG_FILES    = 
  CONFIG_HEADERS  = 
  CONFIG_LINKS    = 
  CONFIG_COMMANDS = 
  $ ./config.status 

on DESKTOP-SU3DHIN

config.status:1124: creating Makefile
config.status:1124: creating doc/doxygen.cfg
config.status:1124: creating misc/dvdread.pc
config.status:1124: creating src/dvdread/version.h
config.status:1124: creating config.h
config.status:1353: executing depfiles commands
config.status:1430: cd .       && sed -e '/# am--include-marker/d' Makefile         | make -f - am--depfiles
make[1]: Entering directory '/cygdrive/c/Users/fabrn/dvda-author/lplex-0.3/libdvdread'
make[1]: Nothing to be done for 'am--depfiles'.
make[1]: Leaving directory '/cygdrive/c/Users/fabrn/dvda-author/lplex-0.3/libdvdread'
config.status:1435: $? = 0
config.status:1353: executing libtool commands

## ---------------- ##
## Cache variables. ##
## ---------------- ##

ac_cv_build=x86_64-pc-cygwin
ac_cv_c_bigendian=no
ac_cv_c_compiler_gnu=yes
ac_cv_env_CC_set=
ac_cv_env_CC_value=
ac_cv_env_CFLAGS_set=set
ac_cv_env_CFLAGS_value='-g -O2 -g -O2 -std=c99'
ac_cv_env_CPPFLAGS_set=set
ac_cv_env_CPPFLAGS_value=-I/cygdrive/c/Users/fabrn/dvda-author/lplex-0.3/redist
ac_cv_env_CPP_set=
ac_cv_env_CPP_value=
ac_cv_env_CSS_CFLAGS_set=
ac_cv_env_CSS_CFLAGS_value=
ac_cv_env_CSS_LIBS_set=
ac_cv_env_CSS_LIBS_value=
ac_cv_env_LDFLAGS_set=
ac_cv_env_LDFLAGS_value=
ac_cv_env_LIBS_set=
ac_cv_env_LIBS_value=
ac_cv_env_LT_SYS_LIBRARY_PATH_set=
ac_cv_env_LT_SYS_LIBRARY_PATH_value=
ac_cv_env_PKG_CONFIG_LIBDIR_set=
ac_cv_env_PKG_CONFIG_LIBDIR_value=
ac_cv_env_PKG_CONFIG_PATH_set=
ac_cv_env_PKG_CONFIG_PATH_value=
ac_cv_env_PKG_CONFIG_set=
ac_cv_env_PKG_CONFIG_value=
ac_cv_env_build_alias_set=
ac_cv_env_build_alias_value=
ac_cv_env_host_alias_set=
ac_cv_env_host_alias_value=
ac_cv_env_target_alias_set=
ac_cv_env_target_alias_value=
ac_cv_exeext=.exe
ac_cv_func_gettimeofday=yes
ac_cv_func_strerror_r=yes
ac_cv_func_strerror_r_char_p=yes
ac_cv_have_decl_strerror_r=no
ac_cv_header_dlfcn_h=yes
ac_cv_header_inttypes_h=yes
ac_cv_header_limits_h=yes
ac_cv_header_memory_h=yes
ac_cv_header_stdc=yes
ac_cv_header_stdint_h=yes
ac_cv_header_stdlib_h=yes
ac_cv_header_string_h=yes
ac_cv_header_strings_h=yes
ac_cv_header_sys_param_h=yes
ac_cv_header_sys_stat_h=yes
ac_cv_header_sys_types_h=yes
ac_cv_header_unistd_h=yes
ac_cv_host=x86_64-pc-cygwin
ac_cv_objext=o
ac_cv_path_DOXYGEN=/usr/bin/doxygen
ac_cv_path_EGREP='/usr/bin/grep -E'
ac_cv_path_FGREP='/usr/bin/grep -F'
ac_cv_path_GREP=/usr/bin/grep
ac_cv_path_SED=/usr/bin/sed
ac_cv_path_ac_pt_PKG_CONFIG=/usr/bin/pkg-config
ac_cv_path_lt_DD=/usr/bin/dd
ac_cv_path_mkdir=/usr/bin/mkdir
ac_cv_prog_AWK=gawk
ac_cv_prog_CPP='gcc -E'
ac_cv_prog_ac_ct_AR=ar
ac_cv_prog_ac_ct_CC=gcc
ac_cv_prog_ac_ct_DLLTOOL=dlltool
ac_cv_prog_ac_ct_MANIFEST_TOOL=mt
ac_cv_prog_ac_ct_OBJDUMP=objdump
ac_cv_prog_ac_ct_RANLIB=ranlib
ac_cv_prog_ac_ct_STRIP=strip
ac_cv_prog_cc_c89=
ac_cv_prog_cc_c99=
ac_cv_prog_cc_g=yes
ac_cv_prog_make_make_set=yes
ac_cv_search_dlopen='none required'
ac_cv_sys_file_offset_bits=no
ac_cv_sys_largefile_CC=no
am_cv_CC_dependencies_compiler_type=gcc3
am_cv_make_support_nested_variables=yes
am_cv_prog_cc_c_o=yes
cc_cv_cflags__Wall=yes
cc_cv_cflags__Wextra=yes
cc_cv_cflags__Wsign_compare=yes
lt_cv_ar_at_file=@
lt_cv_archive_cmds_need_lc=yes
lt_cv_deplibs_check_method='file_magic ^x86 archive import|^x86 DLL'
lt_cv_file_magic_cmd=func_win32_libid
lt_cv_file_magic_test_file=
lt_cv_ld_reload_flag=-r
lt_cv_nm_interface='BSD nm'
lt_cv_objdir=.libs
lt_cv_path_LD=/usr/x86_64-pc-cygwin/bin/ld.exe
lt_cv_path_NM='/usr/bin/nm -B'
lt_cv_path_mainfest_tool=no
lt_cv_prog_compiler_c_o=yes
lt_cv_prog_compiler_pic='-DDLL_EXPORT -DPIC'
lt_cv_prog_compiler_pic_works=yes
lt_cv_prog_compiler_rtti_exceptions=no
lt_cv_prog_compiler_static_works=yes
lt_cv_prog_gnu_ld=yes
lt_cv_sharedlib_from_linklib_cmd=func_cygming_dll_for_implib
lt_cv_sys_global_symbol_pipe='sed -n -e '\''s/^.*[	 ]\([ABCDGIRSTW][ABCDGIRSTW]*\)[	 ][	 ]*\([_A-Za-z][_A-Za-z0-9]*\)$/\1 \2 \2/p'\'' | sed '\''/ __gnu_lto/d'\'''
lt_cv_sys_global_symbol_to_c_name_address='sed -n -e '\''s/^: \(.*\) .*$/  {"\1", (void *) 0},/p'\'' -e '\''s/^[ABCDGIRSTW][ABCDGIRSTW]* .* \(.*\)$/  {"\1", (void *) \&\1},/p'\'''
lt_cv_sys_global_symbol_to_c_name_address_lib_prefix='sed -n -e '\''s/^: \(.*\) .*$/  {"\1", (void *) 0},/p'\'' -e '\''s/^[ABCDGIRSTW][ABCDGIRSTW]* .* \(lib.*\)$/  {"\1", (void *) \&\1},/p'\'' -e '\''s/^[ABCDGIRSTW][ABCDGIRSTW]* .* \(.*\)$/  {"lib\1", (void *) \&\1},/p'\'''
lt_cv_sys_global_symbol_to_cdecl='sed -n -e '\''s/^T .* \(.*\)$/extern int \1();/p'\'' -e '\''s/^[ABCDGIRSTW][ABCDGIRSTW]* .* \(.*\)$/extern char \1;/p'\'''
lt_cv_sys_global_symbol_to_import=
lt_cv_sys_max_cmd_len=8192
lt_cv_to_host_file_cmd=func_convert_file_noop
lt_cv_to_tool_file_cmd=func_convert_file_noop
lt_cv_truncate_bin='/usr/bin/dd bs=4096 count=1'

## ----------------- ##
## Output variables. ##
## ----------------- ##

ACLOCAL='${SHELL} /cygdrive/c/Users/fabrn/dvda-author/lplex-0.3/libdvdread/missing aclocal-1.16'
AMDEPBACKSLASH='\'
AMDEP_FALSE='#'
AMDEP_TRUE=''
AMTAR='$${TAR-tar}'
AM_BACKSLASH='\'
AM_DEFAULT_V='$(AM_DEFAULT_VERBOSITY)'
AM_DEFAULT_VERBOSITY='0'
AM_V='$(V)'
APIDOC_FALSE=''
APIDOC_TRUE='#'
AR='ar'
AUTOCONF='${SHELL} /cygdrive/c/Users/fabrn/dvda-author/lplex-0.3/libdvdread/missing autoconf'
AUTOHEADER='${SHELL} /cygdrive/c/Users/fabrn/dvda-author/lplex-0.3/libdvdread/missing autoheader'
AUTOMAKE='${SHELL} /cygdrive/c/Users/fabrn/dvda-author/lplex-0.3/libdvdread/missing automake-1.16'
AWK='gawk'
CC='gcc'
CCDEPMODE='depmode=gcc3'
CFLAGS='-g -O2 -g -O2 -std=c99 -Wall -Wsign-compare -Wextra'
CPP='gcc -E'
CPPFLAGS='-I/cygdrive/c/Users/fabrn/dvda-author/lplex-0.3/redist'
CSS_CFLAGS=''
CSS_LIBS=''
CSS_REQUIRES=''
CYGPATH_W='cygpath -w'
DEFS='-DHAVE_CONFIG_H'
DEPDIR='.deps'
DLLTOOL='dlltool'
DOXYGEN='/usr/bin/doxygen'
DSYMUTIL=''
DUMPBIN=''
DVDREAD_LTVERSION='8:0:0'
DVDREAD_VERSION_MAJOR='6'
DVDREAD_VERSION_MICRO='1'
DVDREAD_VERSION_MINOR='1'
ECHO_C=''
ECHO_N='-n'
ECHO_T=''
EGREP='/usr/bin/grep -E'
EXEEXT='.exe'
FGREP='/usr/bin/grep -F'
GREP='/usr/bin/grep'
INSTALL_DATA='/bin/sh /cygdrive/c/Users/fabrn/dvda-author/config/install-sh  -m 644'
INSTALL_PROGRAM='${INSTALL}'
INSTALL_SCRIPT='${INSTALL}'
INSTALL_STRIP_PROGRAM='$(install_sh) -c -s'
LD='/usr/x86_64-pc-cygwin/bin/ld.exe'
LDFLAGS=''
LIBOBJS=''
LIBS=''
LIBTOOL='$(SHELL) $(top_builddir)/libtool'
LIPO=''
LN_S='ln -s'
LTLIBOBJS=''
LT_SYS_LIBRARY_PATH=''
MAINT=''
MAINTAINER_MODE_FALSE='#'
MAINTAINER_MODE_TRUE=''
MAKEINFO='${SHELL} /cygdrive/c/Users/fabrn/dvda-author/lplex-0.3/libdvdread/missing makeinfo'
MANIFEST_TOOL=':'
MKDIR_P='/usr/bin/mkdir -p'
NM='/usr/bin/nm -B'
NMEDIT=''
OBJDUMP='objdump'
OBJEXT='o'
OTOOL64=''
OTOOL=''
PACKAGE='libdvdread'
PACKAGE_BUGREPORT=''
PACKAGE_NAME='libdvdread'
PACKAGE_STRING='libdvdread 6.1.1'
PACKAGE_TARNAME='libdvdread'
PACKAGE_URL=''
PACKAGE_VERSION='6.1.1'
PATH_SEPARATOR=':'
PKG_CONFIG='/usr/bin/pkg-config'
PKG_CONFIG_LIBDIR=''
PKG_CONFIG_PATH=''
RANLIB='ranlib'
SED='/usr/bin/sed'
SET_MAKE=''
SHELL='/bin/sh'
STRIP='strip'
VERSION='6.1.1'
ac_ct_AR='ar'
ac_ct_CC='gcc'
ac_ct_DUMPBIN=''
am__EXEEXT_FALSE='#'
am__EXEEXT_TRUE=''
am__fastdepCC_FALSE='#'
am__fastdepCC_TRUE=''
am__include='include'
am__isrc=''
am__leading_dot='.'
am__nodep='_no'
am__quote=''
am__tar='$${TAR-tar} chof - "$$tardir"'
am__untar='$${TAR-tar} xf -'
bindir='${exec_prefix}/bin'
build='x86_64-pc-cygwin'
build_alias=''
build_cpu='x86_64'
build_os='cygwin'
build_vendor='pc'
datadir='${datarootdir}'
datarootdir='${prefix}/share'
docdir='${datarootdir}/doc/${PACKAGE_TARNAME}'
dvidir='${docdir}'
exec_prefix='${prefix}'
host='x86_64-pc-cygwin'
host_alias=''
host_cpu='x86_64'
host_os='cygwin'
host_vendor='pc'
htmldir='${docdir}'
includedir='${prefix}/include'
infodir='${datarootdir}/info'
install_sh='${SHELL} /cygdrive/c/Users/fabrn/dvda-author/lplex-0.3/libdvdread/install-sh'
libdir='${exec_prefix}/lib'
libexecdir='${exec_prefix}/libexec'
localedir='${datarootdir}/locale'
localstatedir='${prefix}/var'
mandir='${datarootdir}/man'
mkdir_p='$(MKDIR_P)'
oldincludedir='/usr/include'
pdfdir='${docdir}'
prefix='/usr/local'
program_transform_name='s,x,x,'
psdir='${docdir}'
runstatedir='${localstatedir}/run'
sbindir='${exec_prefix}/sbin'
sharedstatedir='${prefix}/com'
sysconfdir='${prefix}/etc'
target_alias=''

## ----------- ##
## confdefs.h. ##
## ----------- ##

/* confdefs.h */
#define PACKAGE_NAME "libdvdread"
#define PACKAGE_TARNAME "libdvdread"
#define PACKAGE_VERSION "6.1.1"
#define PACKAGE_STRING "libdvdread 6.1.1"
#define PACKAGE_BUGREPORT ""
#define PACKAGE_URL ""
#define PACKAGE "libdvdread"
#define VERSION "6.1.1"
#define STDC_HEADERS 1
#define HAVE_SYS_TYPES_H 1
#define HAVE_SYS_STAT_H 1
#define HAVE_STDLIB_H 1
#define HAVE_STRING_H 1
#define HAVE_MEMORY_H 1
#define HAVE_STRINGS_H 1
#define HAVE_INTTYPES_H 1
#define HAVE_STDINT_H 1
#define HAVE_UNISTD_H 1
#define HAVE_DLFCN_H 1
#define LT_OBJDIR ".libs/"
#define HAVE_SYS_PARAM_H 1
#define HAVE_LIMITS_H 1
#define HAVE_DLFCN_H 1
#define HAVE_GETTIMEOFDAY 1
#define UNUSED __attribute__((unused))
#define HAVE_DECL_STRERROR_R 0
#define HAVE_STRERROR_R 1
#define STRERROR_R_CHAR_P 1

configure: exit 0
